ARM GAS  /tmp/ccmU1TOK.s 			page 1


   1              		.cpu cortex-m7
   2              		.eabi_attribute 28, 1
   3              		.eabi_attribute 20, 1
   4              		.eabi_attribute 21, 1
   5              		.eabi_attribute 23, 3
   6              		.eabi_attribute 24, 1
   7              		.eabi_attribute 25, 1
   8              		.eabi_attribute 26, 1
   9              		.eabi_attribute 30, 1
  10              		.eabi_attribute 34, 1
  11              		.eabi_attribute 18, 4
  12              		.file	"stm32f7xx_hal_pwr_ex.c"
  13              		.text
  14              	.Ltext0:
  15              		.cfi_sections	.debug_frame
  16              		.section	.text.HAL_PWREx_EnableBkUpReg,"ax",%progbits
  17              		.align	1
  18              		.global	HAL_PWREx_EnableBkUpReg
  19              		.arch armv7e-m
  20              		.syntax unified
  21              		.thumb
  22              		.thumb_func
  23              		.fpu fpv5-d16
  25              	HAL_PWREx_EnableBkUpReg:
  26              	.LFB141:
  27              		.file 1 "Drivers/STM32F7xx_HAL_Driver/Src/stm32f7xx_hal_pwr_ex.c"
   1:Drivers/STM32F7xx_HAL_Driver/Src/stm32f7xx_hal_pwr_ex.c **** /**
   2:Drivers/STM32F7xx_HAL_Driver/Src/stm32f7xx_hal_pwr_ex.c ****   ******************************************************************************
   3:Drivers/STM32F7xx_HAL_Driver/Src/stm32f7xx_hal_pwr_ex.c ****   * @file    stm32f7xx_hal_pwr_ex.c
   4:Drivers/STM32F7xx_HAL_Driver/Src/stm32f7xx_hal_pwr_ex.c ****   * @author  MCD Application Team
   5:Drivers/STM32F7xx_HAL_Driver/Src/stm32f7xx_hal_pwr_ex.c ****   * @brief   Extended PWR HAL module driver.
   6:Drivers/STM32F7xx_HAL_Driver/Src/stm32f7xx_hal_pwr_ex.c ****   *          This file provides firmware functions to manage the following 
   7:Drivers/STM32F7xx_HAL_Driver/Src/stm32f7xx_hal_pwr_ex.c ****   *          functionalities of PWR extension peripheral:           
   8:Drivers/STM32F7xx_HAL_Driver/Src/stm32f7xx_hal_pwr_ex.c ****   *           + Peripheral Extended features functions
   9:Drivers/STM32F7xx_HAL_Driver/Src/stm32f7xx_hal_pwr_ex.c ****   *         
  10:Drivers/STM32F7xx_HAL_Driver/Src/stm32f7xx_hal_pwr_ex.c ****   ******************************************************************************
  11:Drivers/STM32F7xx_HAL_Driver/Src/stm32f7xx_hal_pwr_ex.c ****   * @attention
  12:Drivers/STM32F7xx_HAL_Driver/Src/stm32f7xx_hal_pwr_ex.c ****   *
  13:Drivers/STM32F7xx_HAL_Driver/Src/stm32f7xx_hal_pwr_ex.c ****   * <h2><center>&copy; Copyright (c) 2017 STMicroelectronics.
  14:Drivers/STM32F7xx_HAL_Driver/Src/stm32f7xx_hal_pwr_ex.c ****   * All rights reserved.</center></h2>
  15:Drivers/STM32F7xx_HAL_Driver/Src/stm32f7xx_hal_pwr_ex.c ****   *
  16:Drivers/STM32F7xx_HAL_Driver/Src/stm32f7xx_hal_pwr_ex.c ****   * This software component is licensed by ST under BSD 3-Clause license,
  17:Drivers/STM32F7xx_HAL_Driver/Src/stm32f7xx_hal_pwr_ex.c ****   * the "License"; You may not use this file except in compliance with the
  18:Drivers/STM32F7xx_HAL_Driver/Src/stm32f7xx_hal_pwr_ex.c ****   * License. You may obtain a copy of the License at:
  19:Drivers/STM32F7xx_HAL_Driver/Src/stm32f7xx_hal_pwr_ex.c ****   *                        opensource.org/licenses/BSD-3-Clause
  20:Drivers/STM32F7xx_HAL_Driver/Src/stm32f7xx_hal_pwr_ex.c ****   *
  21:Drivers/STM32F7xx_HAL_Driver/Src/stm32f7xx_hal_pwr_ex.c ****   ******************************************************************************
  22:Drivers/STM32F7xx_HAL_Driver/Src/stm32f7xx_hal_pwr_ex.c ****   */ 
  23:Drivers/STM32F7xx_HAL_Driver/Src/stm32f7xx_hal_pwr_ex.c **** 
  24:Drivers/STM32F7xx_HAL_Driver/Src/stm32f7xx_hal_pwr_ex.c **** /* Includes ------------------------------------------------------------------*/
  25:Drivers/STM32F7xx_HAL_Driver/Src/stm32f7xx_hal_pwr_ex.c **** #include "stm32f7xx_hal.h"
  26:Drivers/STM32F7xx_HAL_Driver/Src/stm32f7xx_hal_pwr_ex.c **** 
  27:Drivers/STM32F7xx_HAL_Driver/Src/stm32f7xx_hal_pwr_ex.c **** /** @addtogroup STM32F7xx_HAL_Driver
  28:Drivers/STM32F7xx_HAL_Driver/Src/stm32f7xx_hal_pwr_ex.c ****   * @{
  29:Drivers/STM32F7xx_HAL_Driver/Src/stm32f7xx_hal_pwr_ex.c ****   */
  30:Drivers/STM32F7xx_HAL_Driver/Src/stm32f7xx_hal_pwr_ex.c **** 
  31:Drivers/STM32F7xx_HAL_Driver/Src/stm32f7xx_hal_pwr_ex.c **** /** @defgroup PWREx PWREx
ARM GAS  /tmp/ccmU1TOK.s 			page 2


  32:Drivers/STM32F7xx_HAL_Driver/Src/stm32f7xx_hal_pwr_ex.c ****   * @brief PWR HAL module driver
  33:Drivers/STM32F7xx_HAL_Driver/Src/stm32f7xx_hal_pwr_ex.c ****   * @{
  34:Drivers/STM32F7xx_HAL_Driver/Src/stm32f7xx_hal_pwr_ex.c ****   */
  35:Drivers/STM32F7xx_HAL_Driver/Src/stm32f7xx_hal_pwr_ex.c **** 
  36:Drivers/STM32F7xx_HAL_Driver/Src/stm32f7xx_hal_pwr_ex.c **** #ifdef HAL_PWR_MODULE_ENABLED
  37:Drivers/STM32F7xx_HAL_Driver/Src/stm32f7xx_hal_pwr_ex.c **** 
  38:Drivers/STM32F7xx_HAL_Driver/Src/stm32f7xx_hal_pwr_ex.c **** /* Private typedef -----------------------------------------------------------*/
  39:Drivers/STM32F7xx_HAL_Driver/Src/stm32f7xx_hal_pwr_ex.c **** /* Private define ------------------------------------------------------------*/
  40:Drivers/STM32F7xx_HAL_Driver/Src/stm32f7xx_hal_pwr_ex.c **** /** @addtogroup PWREx_Private_Constants
  41:Drivers/STM32F7xx_HAL_Driver/Src/stm32f7xx_hal_pwr_ex.c ****   * @{
  42:Drivers/STM32F7xx_HAL_Driver/Src/stm32f7xx_hal_pwr_ex.c ****   */    
  43:Drivers/STM32F7xx_HAL_Driver/Src/stm32f7xx_hal_pwr_ex.c **** #define PWR_OVERDRIVE_TIMEOUT_VALUE  1000
  44:Drivers/STM32F7xx_HAL_Driver/Src/stm32f7xx_hal_pwr_ex.c **** #define PWR_UDERDRIVE_TIMEOUT_VALUE  1000
  45:Drivers/STM32F7xx_HAL_Driver/Src/stm32f7xx_hal_pwr_ex.c **** #define PWR_BKPREG_TIMEOUT_VALUE     1000
  46:Drivers/STM32F7xx_HAL_Driver/Src/stm32f7xx_hal_pwr_ex.c **** #define PWR_VOSRDY_TIMEOUT_VALUE     1000
  47:Drivers/STM32F7xx_HAL_Driver/Src/stm32f7xx_hal_pwr_ex.c **** /**
  48:Drivers/STM32F7xx_HAL_Driver/Src/stm32f7xx_hal_pwr_ex.c ****   * @}
  49:Drivers/STM32F7xx_HAL_Driver/Src/stm32f7xx_hal_pwr_ex.c ****   */
  50:Drivers/STM32F7xx_HAL_Driver/Src/stm32f7xx_hal_pwr_ex.c ****     
  51:Drivers/STM32F7xx_HAL_Driver/Src/stm32f7xx_hal_pwr_ex.c **** /* Private macro -------------------------------------------------------------*/
  52:Drivers/STM32F7xx_HAL_Driver/Src/stm32f7xx_hal_pwr_ex.c **** /* Private variables ---------------------------------------------------------*/
  53:Drivers/STM32F7xx_HAL_Driver/Src/stm32f7xx_hal_pwr_ex.c **** /* Private function prototypes -----------------------------------------------*/
  54:Drivers/STM32F7xx_HAL_Driver/Src/stm32f7xx_hal_pwr_ex.c **** /* Private functions ---------------------------------------------------------*/
  55:Drivers/STM32F7xx_HAL_Driver/Src/stm32f7xx_hal_pwr_ex.c **** /** @defgroup PWREx_Exported_Functions PWREx Exported Functions
  56:Drivers/STM32F7xx_HAL_Driver/Src/stm32f7xx_hal_pwr_ex.c ****   *  @{
  57:Drivers/STM32F7xx_HAL_Driver/Src/stm32f7xx_hal_pwr_ex.c ****   */
  58:Drivers/STM32F7xx_HAL_Driver/Src/stm32f7xx_hal_pwr_ex.c **** 
  59:Drivers/STM32F7xx_HAL_Driver/Src/stm32f7xx_hal_pwr_ex.c **** /** @defgroup PWREx_Exported_Functions_Group1 Peripheral Extended features functions 
  60:Drivers/STM32F7xx_HAL_Driver/Src/stm32f7xx_hal_pwr_ex.c ****   *  @brief Peripheral Extended features functions 
  61:Drivers/STM32F7xx_HAL_Driver/Src/stm32f7xx_hal_pwr_ex.c ****   *
  62:Drivers/STM32F7xx_HAL_Driver/Src/stm32f7xx_hal_pwr_ex.c **** @verbatim   
  63:Drivers/STM32F7xx_HAL_Driver/Src/stm32f7xx_hal_pwr_ex.c **** 
  64:Drivers/STM32F7xx_HAL_Driver/Src/stm32f7xx_hal_pwr_ex.c ****  ===============================================================================
  65:Drivers/STM32F7xx_HAL_Driver/Src/stm32f7xx_hal_pwr_ex.c ****                  ##### Peripheral extended features functions #####
  66:Drivers/STM32F7xx_HAL_Driver/Src/stm32f7xx_hal_pwr_ex.c ****  ===============================================================================
  67:Drivers/STM32F7xx_HAL_Driver/Src/stm32f7xx_hal_pwr_ex.c **** 
  68:Drivers/STM32F7xx_HAL_Driver/Src/stm32f7xx_hal_pwr_ex.c ****     *** Main and Backup Regulators configuration ***
  69:Drivers/STM32F7xx_HAL_Driver/Src/stm32f7xx_hal_pwr_ex.c ****     ================================================
  70:Drivers/STM32F7xx_HAL_Driver/Src/stm32f7xx_hal_pwr_ex.c ****     [..] 
  71:Drivers/STM32F7xx_HAL_Driver/Src/stm32f7xx_hal_pwr_ex.c ****       (+) The backup domain includes 4 Kbytes of backup SRAM accessible only from 
  72:Drivers/STM32F7xx_HAL_Driver/Src/stm32f7xx_hal_pwr_ex.c ****           the CPU, and address in 32-bit, 16-bit or 8-bit mode. Its content is 
  73:Drivers/STM32F7xx_HAL_Driver/Src/stm32f7xx_hal_pwr_ex.c ****           retained even in Standby or VBAT mode when the low power backup regulator
  74:Drivers/STM32F7xx_HAL_Driver/Src/stm32f7xx_hal_pwr_ex.c ****           is enabled. It can be considered as an internal EEPROM when VBAT is 
  75:Drivers/STM32F7xx_HAL_Driver/Src/stm32f7xx_hal_pwr_ex.c ****           always present. You can use the HAL_PWREx_EnableBkUpReg() function to 
  76:Drivers/STM32F7xx_HAL_Driver/Src/stm32f7xx_hal_pwr_ex.c ****           enable the low power backup regulator. 
  77:Drivers/STM32F7xx_HAL_Driver/Src/stm32f7xx_hal_pwr_ex.c **** 
  78:Drivers/STM32F7xx_HAL_Driver/Src/stm32f7xx_hal_pwr_ex.c ****       (+) When the backup domain is supplied by VDD (analog switch connected to VDD) 
  79:Drivers/STM32F7xx_HAL_Driver/Src/stm32f7xx_hal_pwr_ex.c ****           the backup SRAM is powered from VDD which replaces the VBAT power supply to 
  80:Drivers/STM32F7xx_HAL_Driver/Src/stm32f7xx_hal_pwr_ex.c ****           save battery life.
  81:Drivers/STM32F7xx_HAL_Driver/Src/stm32f7xx_hal_pwr_ex.c **** 
  82:Drivers/STM32F7xx_HAL_Driver/Src/stm32f7xx_hal_pwr_ex.c ****       (+) The backup SRAM is not mass erased by a tamper event. It is read 
  83:Drivers/STM32F7xx_HAL_Driver/Src/stm32f7xx_hal_pwr_ex.c ****           protected to prevent confidential data, such as cryptographic private 
  84:Drivers/STM32F7xx_HAL_Driver/Src/stm32f7xx_hal_pwr_ex.c ****           key, from being accessed. The backup SRAM can be erased only through 
  85:Drivers/STM32F7xx_HAL_Driver/Src/stm32f7xx_hal_pwr_ex.c ****           the Flash interface when a protection level change from level 1 to 
  86:Drivers/STM32F7xx_HAL_Driver/Src/stm32f7xx_hal_pwr_ex.c ****           level 0 is requested. 
  87:Drivers/STM32F7xx_HAL_Driver/Src/stm32f7xx_hal_pwr_ex.c ****       -@- Refer to the description of Read protection (RDP) in the Flash 
  88:Drivers/STM32F7xx_HAL_Driver/Src/stm32f7xx_hal_pwr_ex.c ****           programming manual.
ARM GAS  /tmp/ccmU1TOK.s 			page 3


  89:Drivers/STM32F7xx_HAL_Driver/Src/stm32f7xx_hal_pwr_ex.c **** 
  90:Drivers/STM32F7xx_HAL_Driver/Src/stm32f7xx_hal_pwr_ex.c ****       (+) The main internal regulator can be configured to have a tradeoff between 
  91:Drivers/STM32F7xx_HAL_Driver/Src/stm32f7xx_hal_pwr_ex.c ****           performance and power consumption when the device does not operate at 
  92:Drivers/STM32F7xx_HAL_Driver/Src/stm32f7xx_hal_pwr_ex.c ****           the maximum frequency. This is done through __HAL_PWR_MAINREGULATORMODE_CONFIG() 
  93:Drivers/STM32F7xx_HAL_Driver/Src/stm32f7xx_hal_pwr_ex.c ****           macro which configure VOS bit in PWR_CR register
  94:Drivers/STM32F7xx_HAL_Driver/Src/stm32f7xx_hal_pwr_ex.c ****           
  95:Drivers/STM32F7xx_HAL_Driver/Src/stm32f7xx_hal_pwr_ex.c ****         Refer to the product datasheets for more details.
  96:Drivers/STM32F7xx_HAL_Driver/Src/stm32f7xx_hal_pwr_ex.c **** 
  97:Drivers/STM32F7xx_HAL_Driver/Src/stm32f7xx_hal_pwr_ex.c ****     *** FLASH Power Down configuration ****
  98:Drivers/STM32F7xx_HAL_Driver/Src/stm32f7xx_hal_pwr_ex.c ****     =======================================
  99:Drivers/STM32F7xx_HAL_Driver/Src/stm32f7xx_hal_pwr_ex.c ****     [..] 
 100:Drivers/STM32F7xx_HAL_Driver/Src/stm32f7xx_hal_pwr_ex.c ****       (+) By setting the FPDS bit in the PWR_CR register by using the 
 101:Drivers/STM32F7xx_HAL_Driver/Src/stm32f7xx_hal_pwr_ex.c ****           HAL_PWREx_EnableFlashPowerDown() function, the Flash memory also enters power 
 102:Drivers/STM32F7xx_HAL_Driver/Src/stm32f7xx_hal_pwr_ex.c ****           down mode when the device enters Stop mode. When the Flash memory 
 103:Drivers/STM32F7xx_HAL_Driver/Src/stm32f7xx_hal_pwr_ex.c ****           is in power down mode, an additional startup delay is incurred when 
 104:Drivers/STM32F7xx_HAL_Driver/Src/stm32f7xx_hal_pwr_ex.c ****           waking up from Stop mode.
 105:Drivers/STM32F7xx_HAL_Driver/Src/stm32f7xx_hal_pwr_ex.c **** 
 106:Drivers/STM32F7xx_HAL_Driver/Src/stm32f7xx_hal_pwr_ex.c ****     *** Over-Drive and Under-Drive configuration ****
 107:Drivers/STM32F7xx_HAL_Driver/Src/stm32f7xx_hal_pwr_ex.c ****     =================================================
 108:Drivers/STM32F7xx_HAL_Driver/Src/stm32f7xx_hal_pwr_ex.c ****     [..]         
 109:Drivers/STM32F7xx_HAL_Driver/Src/stm32f7xx_hal_pwr_ex.c ****        (+) In Run mode: the main regulator has 2 operating modes available:
 110:Drivers/STM32F7xx_HAL_Driver/Src/stm32f7xx_hal_pwr_ex.c ****         (++) Normal mode: The CPU and core logic operate at maximum frequency at a given 
 111:Drivers/STM32F7xx_HAL_Driver/Src/stm32f7xx_hal_pwr_ex.c ****              voltage scaling (scale 1, scale 2 or scale 3)
 112:Drivers/STM32F7xx_HAL_Driver/Src/stm32f7xx_hal_pwr_ex.c ****         (++) Over-drive mode: This mode allows the CPU and the core logic to operate at a 
 113:Drivers/STM32F7xx_HAL_Driver/Src/stm32f7xx_hal_pwr_ex.c ****             higher frequency than the normal mode for a given voltage scaling (scale 1,  
 114:Drivers/STM32F7xx_HAL_Driver/Src/stm32f7xx_hal_pwr_ex.c ****             scale 2 or scale 3). This mode is enabled through HAL_PWREx_EnableOverDrive() function 
 115:Drivers/STM32F7xx_HAL_Driver/Src/stm32f7xx_hal_pwr_ex.c ****             disabled by HAL_PWREx_DisableOverDrive() function, to enter or exit from Over-drive mod
 116:Drivers/STM32F7xx_HAL_Driver/Src/stm32f7xx_hal_pwr_ex.c ****             the sequence described in Reference manual.
 117:Drivers/STM32F7xx_HAL_Driver/Src/stm32f7xx_hal_pwr_ex.c ****              
 118:Drivers/STM32F7xx_HAL_Driver/Src/stm32f7xx_hal_pwr_ex.c ****        (+) In Stop mode: the main regulator or low power regulator supplies a low power 
 119:Drivers/STM32F7xx_HAL_Driver/Src/stm32f7xx_hal_pwr_ex.c ****            voltage to the 1.2V domain, thus preserving the content of registers 
 120:Drivers/STM32F7xx_HAL_Driver/Src/stm32f7xx_hal_pwr_ex.c ****            and internal SRAM. 2 operating modes are available:
 121:Drivers/STM32F7xx_HAL_Driver/Src/stm32f7xx_hal_pwr_ex.c ****          (++) Normal mode: the 1.2V domain is preserved in nominal leakage mode. This mode is only 
 122:Drivers/STM32F7xx_HAL_Driver/Src/stm32f7xx_hal_pwr_ex.c ****               available when the main regulator or the low power regulator is used in Scale 3 or 
 123:Drivers/STM32F7xx_HAL_Driver/Src/stm32f7xx_hal_pwr_ex.c ****               low voltage mode.
 124:Drivers/STM32F7xx_HAL_Driver/Src/stm32f7xx_hal_pwr_ex.c ****          (++) Under-drive mode: the 1.2V domain is preserved in reduced leakage mode. This mode is 
 125:Drivers/STM32F7xx_HAL_Driver/Src/stm32f7xx_hal_pwr_ex.c ****               available when the main regulator or the low power regulator is in low voltage mode.
 126:Drivers/STM32F7xx_HAL_Driver/Src/stm32f7xx_hal_pwr_ex.c **** 
 127:Drivers/STM32F7xx_HAL_Driver/Src/stm32f7xx_hal_pwr_ex.c **** @endverbatim
 128:Drivers/STM32F7xx_HAL_Driver/Src/stm32f7xx_hal_pwr_ex.c ****   * @{
 129:Drivers/STM32F7xx_HAL_Driver/Src/stm32f7xx_hal_pwr_ex.c ****   */
 130:Drivers/STM32F7xx_HAL_Driver/Src/stm32f7xx_hal_pwr_ex.c **** 
 131:Drivers/STM32F7xx_HAL_Driver/Src/stm32f7xx_hal_pwr_ex.c **** /**
 132:Drivers/STM32F7xx_HAL_Driver/Src/stm32f7xx_hal_pwr_ex.c ****   * @brief Enables the Backup Regulator.
 133:Drivers/STM32F7xx_HAL_Driver/Src/stm32f7xx_hal_pwr_ex.c ****   * @retval HAL status
 134:Drivers/STM32F7xx_HAL_Driver/Src/stm32f7xx_hal_pwr_ex.c ****   */
 135:Drivers/STM32F7xx_HAL_Driver/Src/stm32f7xx_hal_pwr_ex.c **** HAL_StatusTypeDef HAL_PWREx_EnableBkUpReg(void)
 136:Drivers/STM32F7xx_HAL_Driver/Src/stm32f7xx_hal_pwr_ex.c **** {
  28              		.loc 1 136 1 view -0
  29              		.cfi_startproc
  30              		@ args = 0, pretend = 0, frame = 0
  31              		@ frame_needed = 0, uses_anonymous_args = 0
  32 0000 10B5     		push	{r4, lr}
  33              	.LCFI0:
  34              		.cfi_def_cfa_offset 8
  35              		.cfi_offset 4, -8
  36              		.cfi_offset 14, -4
ARM GAS  /tmp/ccmU1TOK.s 			page 4


 137:Drivers/STM32F7xx_HAL_Driver/Src/stm32f7xx_hal_pwr_ex.c ****   uint32_t tickstart = 0;
  37              		.loc 1 137 3 view .LVU1
  38              	.LVL0:
 138:Drivers/STM32F7xx_HAL_Driver/Src/stm32f7xx_hal_pwr_ex.c **** 
 139:Drivers/STM32F7xx_HAL_Driver/Src/stm32f7xx_hal_pwr_ex.c ****   /* Enable Backup regulator */
 140:Drivers/STM32F7xx_HAL_Driver/Src/stm32f7xx_hal_pwr_ex.c ****   PWR->CSR1 |= PWR_CSR1_BRE;
  39              		.loc 1 140 3 view .LVU2
  40              		.loc 1 140 13 is_stmt 0 view .LVU3
  41 0002 0D4B     		ldr	r3, .L8
  42 0004 5A68     		ldr	r2, [r3, #4]
  43 0006 42F40072 		orr	r2, r2, #512
  44 000a 5A60     		str	r2, [r3, #4]
 141:Drivers/STM32F7xx_HAL_Driver/Src/stm32f7xx_hal_pwr_ex.c ****     
 142:Drivers/STM32F7xx_HAL_Driver/Src/stm32f7xx_hal_pwr_ex.c ****   /* Workaround for the following hardware bug: */
 143:Drivers/STM32F7xx_HAL_Driver/Src/stm32f7xx_hal_pwr_ex.c ****   /* Id 19: PWR : No STANDBY wake-up when Back-up RAM enabled (ref. Errata Sheet p23) */
 144:Drivers/STM32F7xx_HAL_Driver/Src/stm32f7xx_hal_pwr_ex.c ****   PWR->CSR1 |= PWR_CSR1_EIWUP;
  45              		.loc 1 144 3 is_stmt 1 view .LVU4
  46              		.loc 1 144 13 is_stmt 0 view .LVU5
  47 000c 5A68     		ldr	r2, [r3, #4]
  48 000e 42F48072 		orr	r2, r2, #256
  49 0012 5A60     		str	r2, [r3, #4]
 145:Drivers/STM32F7xx_HAL_Driver/Src/stm32f7xx_hal_pwr_ex.c **** 
 146:Drivers/STM32F7xx_HAL_Driver/Src/stm32f7xx_hal_pwr_ex.c ****   /* Get tick */
 147:Drivers/STM32F7xx_HAL_Driver/Src/stm32f7xx_hal_pwr_ex.c ****   tickstart = HAL_GetTick();
  50              		.loc 1 147 3 is_stmt 1 view .LVU6
  51              		.loc 1 147 15 is_stmt 0 view .LVU7
  52 0014 FFF7FEFF 		bl	HAL_GetTick
  53              	.LVL1:
  54 0018 0446     		mov	r4, r0
  55              	.LVL2:
 148:Drivers/STM32F7xx_HAL_Driver/Src/stm32f7xx_hal_pwr_ex.c **** 
 149:Drivers/STM32F7xx_HAL_Driver/Src/stm32f7xx_hal_pwr_ex.c ****   /* Wait till Backup regulator ready flag is set */  
 150:Drivers/STM32F7xx_HAL_Driver/Src/stm32f7xx_hal_pwr_ex.c ****   while(__HAL_PWR_GET_FLAG(PWR_FLAG_BRR) == RESET)
  56              		.loc 1 150 3 is_stmt 1 view .LVU8
  57              	.L2:
  58              		.loc 1 150 8 view .LVU9
  59              		.loc 1 150 9 is_stmt 0 view .LVU10
  60 001a 074B     		ldr	r3, .L8
  61 001c 5B68     		ldr	r3, [r3, #4]
  62              		.loc 1 150 8 view .LVU11
  63 001e 13F0080F 		tst	r3, #8
  64 0022 07D1     		bne	.L7
 151:Drivers/STM32F7xx_HAL_Driver/Src/stm32f7xx_hal_pwr_ex.c ****   {
 152:Drivers/STM32F7xx_HAL_Driver/Src/stm32f7xx_hal_pwr_ex.c ****     if((HAL_GetTick() - tickstart ) > PWR_BKPREG_TIMEOUT_VALUE)
  65              		.loc 1 152 5 is_stmt 1 view .LVU12
  66              		.loc 1 152 9 is_stmt 0 view .LVU13
  67 0024 FFF7FEFF 		bl	HAL_GetTick
  68              	.LVL3:
  69              		.loc 1 152 23 view .LVU14
  70 0028 001B     		subs	r0, r0, r4
  71              		.loc 1 152 7 view .LVU15
  72 002a B0F57A7F 		cmp	r0, #1000
  73 002e F4D9     		bls	.L2
 153:Drivers/STM32F7xx_HAL_Driver/Src/stm32f7xx_hal_pwr_ex.c ****     {
 154:Drivers/STM32F7xx_HAL_Driver/Src/stm32f7xx_hal_pwr_ex.c ****       return HAL_TIMEOUT;
  74              		.loc 1 154 14 view .LVU16
  75 0030 0320     		movs	r0, #3
ARM GAS  /tmp/ccmU1TOK.s 			page 5


  76 0032 00E0     		b	.L3
  77              	.L7:
 155:Drivers/STM32F7xx_HAL_Driver/Src/stm32f7xx_hal_pwr_ex.c ****     } 
 156:Drivers/STM32F7xx_HAL_Driver/Src/stm32f7xx_hal_pwr_ex.c ****   }
 157:Drivers/STM32F7xx_HAL_Driver/Src/stm32f7xx_hal_pwr_ex.c ****   return HAL_OK;
  78              		.loc 1 157 10 view .LVU17
  79 0034 0020     		movs	r0, #0
  80              	.L3:
 158:Drivers/STM32F7xx_HAL_Driver/Src/stm32f7xx_hal_pwr_ex.c **** }
  81              		.loc 1 158 1 view .LVU18
  82 0036 10BD     		pop	{r4, pc}
  83              	.LVL4:
  84              	.L9:
  85              		.loc 1 158 1 view .LVU19
  86              		.align	2
  87              	.L8:
  88 0038 00700040 		.word	1073770496
  89              		.cfi_endproc
  90              	.LFE141:
  92              		.section	.text.HAL_PWREx_DisableBkUpReg,"ax",%progbits
  93              		.align	1
  94              		.global	HAL_PWREx_DisableBkUpReg
  95              		.syntax unified
  96              		.thumb
  97              		.thumb_func
  98              		.fpu fpv5-d16
 100              	HAL_PWREx_DisableBkUpReg:
 101              	.LFB142:
 159:Drivers/STM32F7xx_HAL_Driver/Src/stm32f7xx_hal_pwr_ex.c **** 
 160:Drivers/STM32F7xx_HAL_Driver/Src/stm32f7xx_hal_pwr_ex.c **** /**
 161:Drivers/STM32F7xx_HAL_Driver/Src/stm32f7xx_hal_pwr_ex.c ****   * @brief Disables the Backup Regulator.
 162:Drivers/STM32F7xx_HAL_Driver/Src/stm32f7xx_hal_pwr_ex.c ****   * @retval HAL status
 163:Drivers/STM32F7xx_HAL_Driver/Src/stm32f7xx_hal_pwr_ex.c ****   */
 164:Drivers/STM32F7xx_HAL_Driver/Src/stm32f7xx_hal_pwr_ex.c **** HAL_StatusTypeDef HAL_PWREx_DisableBkUpReg(void)
 165:Drivers/STM32F7xx_HAL_Driver/Src/stm32f7xx_hal_pwr_ex.c **** {
 102              		.loc 1 165 1 is_stmt 1 view -0
 103              		.cfi_startproc
 104              		@ args = 0, pretend = 0, frame = 0
 105              		@ frame_needed = 0, uses_anonymous_args = 0
 106 0000 10B5     		push	{r4, lr}
 107              	.LCFI1:
 108              		.cfi_def_cfa_offset 8
 109              		.cfi_offset 4, -8
 110              		.cfi_offset 14, -4
 166:Drivers/STM32F7xx_HAL_Driver/Src/stm32f7xx_hal_pwr_ex.c ****   uint32_t tickstart = 0;
 111              		.loc 1 166 3 view .LVU21
 112              	.LVL5:
 167:Drivers/STM32F7xx_HAL_Driver/Src/stm32f7xx_hal_pwr_ex.c ****   
 168:Drivers/STM32F7xx_HAL_Driver/Src/stm32f7xx_hal_pwr_ex.c ****   /* Disable Backup regulator */
 169:Drivers/STM32F7xx_HAL_Driver/Src/stm32f7xx_hal_pwr_ex.c ****   PWR->CSR1 &= (uint32_t)~((uint32_t)PWR_CSR1_BRE);
 113              		.loc 1 169 3 view .LVU22
 114              		.loc 1 169 13 is_stmt 0 view .LVU23
 115 0002 0D4B     		ldr	r3, .L17
 116 0004 5A68     		ldr	r2, [r3, #4]
 117 0006 22F40072 		bic	r2, r2, #512
 118 000a 5A60     		str	r2, [r3, #4]
 170:Drivers/STM32F7xx_HAL_Driver/Src/stm32f7xx_hal_pwr_ex.c ****   
ARM GAS  /tmp/ccmU1TOK.s 			page 6


 171:Drivers/STM32F7xx_HAL_Driver/Src/stm32f7xx_hal_pwr_ex.c ****   /* Workaround for the following hardware bug: */
 172:Drivers/STM32F7xx_HAL_Driver/Src/stm32f7xx_hal_pwr_ex.c ****   /* Id 19: PWR : No STANDBY wake-up when Back-up RAM enabled (ref. Errata Sheet p23) */
 173:Drivers/STM32F7xx_HAL_Driver/Src/stm32f7xx_hal_pwr_ex.c ****   PWR->CSR1 |= PWR_CSR1_EIWUP;
 119              		.loc 1 173 3 is_stmt 1 view .LVU24
 120              		.loc 1 173 13 is_stmt 0 view .LVU25
 121 000c 5A68     		ldr	r2, [r3, #4]
 122 000e 42F48072 		orr	r2, r2, #256
 123 0012 5A60     		str	r2, [r3, #4]
 174:Drivers/STM32F7xx_HAL_Driver/Src/stm32f7xx_hal_pwr_ex.c **** 
 175:Drivers/STM32F7xx_HAL_Driver/Src/stm32f7xx_hal_pwr_ex.c ****   /* Get tick */
 176:Drivers/STM32F7xx_HAL_Driver/Src/stm32f7xx_hal_pwr_ex.c ****   tickstart = HAL_GetTick();
 124              		.loc 1 176 3 is_stmt 1 view .LVU26
 125              		.loc 1 176 15 is_stmt 0 view .LVU27
 126 0014 FFF7FEFF 		bl	HAL_GetTick
 127              	.LVL6:
 128 0018 0446     		mov	r4, r0
 129              	.LVL7:
 177:Drivers/STM32F7xx_HAL_Driver/Src/stm32f7xx_hal_pwr_ex.c **** 
 178:Drivers/STM32F7xx_HAL_Driver/Src/stm32f7xx_hal_pwr_ex.c ****   /* Wait till Backup regulator ready flag is set */  
 179:Drivers/STM32F7xx_HAL_Driver/Src/stm32f7xx_hal_pwr_ex.c ****   while(__HAL_PWR_GET_FLAG(PWR_FLAG_BRR) != RESET)
 130              		.loc 1 179 3 is_stmt 1 view .LVU28
 131              	.L11:
 132              		.loc 1 179 8 view .LVU29
 133              		.loc 1 179 9 is_stmt 0 view .LVU30
 134 001a 074B     		ldr	r3, .L17
 135 001c 5B68     		ldr	r3, [r3, #4]
 136              		.loc 1 179 8 view .LVU31
 137 001e 13F0080F 		tst	r3, #8
 138 0022 07D0     		beq	.L16
 180:Drivers/STM32F7xx_HAL_Driver/Src/stm32f7xx_hal_pwr_ex.c ****   {
 181:Drivers/STM32F7xx_HAL_Driver/Src/stm32f7xx_hal_pwr_ex.c ****     if((HAL_GetTick() - tickstart ) > PWR_BKPREG_TIMEOUT_VALUE)
 139              		.loc 1 181 5 is_stmt 1 view .LVU32
 140              		.loc 1 181 9 is_stmt 0 view .LVU33
 141 0024 FFF7FEFF 		bl	HAL_GetTick
 142              	.LVL8:
 143              		.loc 1 181 23 view .LVU34
 144 0028 001B     		subs	r0, r0, r4
 145              		.loc 1 181 7 view .LVU35
 146 002a B0F57A7F 		cmp	r0, #1000
 147 002e F4D9     		bls	.L11
 182:Drivers/STM32F7xx_HAL_Driver/Src/stm32f7xx_hal_pwr_ex.c ****     {
 183:Drivers/STM32F7xx_HAL_Driver/Src/stm32f7xx_hal_pwr_ex.c ****       return HAL_TIMEOUT;
 148              		.loc 1 183 14 view .LVU36
 149 0030 0320     		movs	r0, #3
 150 0032 00E0     		b	.L12
 151              	.L16:
 184:Drivers/STM32F7xx_HAL_Driver/Src/stm32f7xx_hal_pwr_ex.c ****     } 
 185:Drivers/STM32F7xx_HAL_Driver/Src/stm32f7xx_hal_pwr_ex.c ****   }
 186:Drivers/STM32F7xx_HAL_Driver/Src/stm32f7xx_hal_pwr_ex.c ****   return HAL_OK;
 152              		.loc 1 186 10 view .LVU37
 153 0034 0020     		movs	r0, #0
 154              	.L12:
 187:Drivers/STM32F7xx_HAL_Driver/Src/stm32f7xx_hal_pwr_ex.c **** }
 155              		.loc 1 187 1 view .LVU38
 156 0036 10BD     		pop	{r4, pc}
 157              	.LVL9:
 158              	.L18:
ARM GAS  /tmp/ccmU1TOK.s 			page 7


 159              		.loc 1 187 1 view .LVU39
 160              		.align	2
 161              	.L17:
 162 0038 00700040 		.word	1073770496
 163              		.cfi_endproc
 164              	.LFE142:
 166              		.section	.text.HAL_PWREx_EnableFlashPowerDown,"ax",%progbits
 167              		.align	1
 168              		.global	HAL_PWREx_EnableFlashPowerDown
 169              		.syntax unified
 170              		.thumb
 171              		.thumb_func
 172              		.fpu fpv5-d16
 174              	HAL_PWREx_EnableFlashPowerDown:
 175              	.LFB143:
 188:Drivers/STM32F7xx_HAL_Driver/Src/stm32f7xx_hal_pwr_ex.c **** 
 189:Drivers/STM32F7xx_HAL_Driver/Src/stm32f7xx_hal_pwr_ex.c **** /**
 190:Drivers/STM32F7xx_HAL_Driver/Src/stm32f7xx_hal_pwr_ex.c ****   * @brief Enables the Flash Power Down in Stop mode.
 191:Drivers/STM32F7xx_HAL_Driver/Src/stm32f7xx_hal_pwr_ex.c ****   * @retval None
 192:Drivers/STM32F7xx_HAL_Driver/Src/stm32f7xx_hal_pwr_ex.c ****   */
 193:Drivers/STM32F7xx_HAL_Driver/Src/stm32f7xx_hal_pwr_ex.c **** void HAL_PWREx_EnableFlashPowerDown(void)
 194:Drivers/STM32F7xx_HAL_Driver/Src/stm32f7xx_hal_pwr_ex.c **** {
 176              		.loc 1 194 1 is_stmt 1 view -0
 177              		.cfi_startproc
 178              		@ args = 0, pretend = 0, frame = 0
 179              		@ frame_needed = 0, uses_anonymous_args = 0
 180              		@ link register save eliminated.
 195:Drivers/STM32F7xx_HAL_Driver/Src/stm32f7xx_hal_pwr_ex.c ****   /* Enable the Flash Power Down */
 196:Drivers/STM32F7xx_HAL_Driver/Src/stm32f7xx_hal_pwr_ex.c ****   PWR->CR1 |= PWR_CR1_FPDS;
 181              		.loc 1 196 3 view .LVU41
 182              		.loc 1 196 12 is_stmt 0 view .LVU42
 183 0000 024A     		ldr	r2, .L20
 184 0002 1368     		ldr	r3, [r2]
 185 0004 43F40073 		orr	r3, r3, #512
 186 0008 1360     		str	r3, [r2]
 197:Drivers/STM32F7xx_HAL_Driver/Src/stm32f7xx_hal_pwr_ex.c **** }
 187              		.loc 1 197 1 view .LVU43
 188 000a 7047     		bx	lr
 189              	.L21:
 190              		.align	2
 191              	.L20:
 192 000c 00700040 		.word	1073770496
 193              		.cfi_endproc
 194              	.LFE143:
 196              		.section	.text.HAL_PWREx_DisableFlashPowerDown,"ax",%progbits
 197              		.align	1
 198              		.global	HAL_PWREx_DisableFlashPowerDown
 199              		.syntax unified
 200              		.thumb
 201              		.thumb_func
 202              		.fpu fpv5-d16
 204              	HAL_PWREx_DisableFlashPowerDown:
 205              	.LFB144:
 198:Drivers/STM32F7xx_HAL_Driver/Src/stm32f7xx_hal_pwr_ex.c **** 
 199:Drivers/STM32F7xx_HAL_Driver/Src/stm32f7xx_hal_pwr_ex.c **** /**
 200:Drivers/STM32F7xx_HAL_Driver/Src/stm32f7xx_hal_pwr_ex.c ****   * @brief Disables the Flash Power Down in Stop mode.
 201:Drivers/STM32F7xx_HAL_Driver/Src/stm32f7xx_hal_pwr_ex.c ****   * @retval None
ARM GAS  /tmp/ccmU1TOK.s 			page 8


 202:Drivers/STM32F7xx_HAL_Driver/Src/stm32f7xx_hal_pwr_ex.c ****   */
 203:Drivers/STM32F7xx_HAL_Driver/Src/stm32f7xx_hal_pwr_ex.c **** void HAL_PWREx_DisableFlashPowerDown(void)
 204:Drivers/STM32F7xx_HAL_Driver/Src/stm32f7xx_hal_pwr_ex.c **** {
 206              		.loc 1 204 1 is_stmt 1 view -0
 207              		.cfi_startproc
 208              		@ args = 0, pretend = 0, frame = 0
 209              		@ frame_needed = 0, uses_anonymous_args = 0
 210              		@ link register save eliminated.
 205:Drivers/STM32F7xx_HAL_Driver/Src/stm32f7xx_hal_pwr_ex.c ****   /* Disable the Flash Power Down */
 206:Drivers/STM32F7xx_HAL_Driver/Src/stm32f7xx_hal_pwr_ex.c ****   PWR->CR1 &= (uint32_t)~((uint32_t)PWR_CR1_FPDS);
 211              		.loc 1 206 3 view .LVU45
 212              		.loc 1 206 12 is_stmt 0 view .LVU46
 213 0000 024A     		ldr	r2, .L23
 214 0002 1368     		ldr	r3, [r2]
 215 0004 23F40073 		bic	r3, r3, #512
 216 0008 1360     		str	r3, [r2]
 207:Drivers/STM32F7xx_HAL_Driver/Src/stm32f7xx_hal_pwr_ex.c **** }
 217              		.loc 1 207 1 view .LVU47
 218 000a 7047     		bx	lr
 219              	.L24:
 220              		.align	2
 221              	.L23:
 222 000c 00700040 		.word	1073770496
 223              		.cfi_endproc
 224              	.LFE144:
 226              		.section	.text.HAL_PWREx_EnableMainRegulatorLowVoltage,"ax",%progbits
 227              		.align	1
 228              		.global	HAL_PWREx_EnableMainRegulatorLowVoltage
 229              		.syntax unified
 230              		.thumb
 231              		.thumb_func
 232              		.fpu fpv5-d16
 234              	HAL_PWREx_EnableMainRegulatorLowVoltage:
 235              	.LFB145:
 208:Drivers/STM32F7xx_HAL_Driver/Src/stm32f7xx_hal_pwr_ex.c **** 
 209:Drivers/STM32F7xx_HAL_Driver/Src/stm32f7xx_hal_pwr_ex.c **** /**
 210:Drivers/STM32F7xx_HAL_Driver/Src/stm32f7xx_hal_pwr_ex.c ****   * @brief Enables Main Regulator low voltage mode.
 211:Drivers/STM32F7xx_HAL_Driver/Src/stm32f7xx_hal_pwr_ex.c ****   * @retval None
 212:Drivers/STM32F7xx_HAL_Driver/Src/stm32f7xx_hal_pwr_ex.c ****   */
 213:Drivers/STM32F7xx_HAL_Driver/Src/stm32f7xx_hal_pwr_ex.c **** void HAL_PWREx_EnableMainRegulatorLowVoltage(void)
 214:Drivers/STM32F7xx_HAL_Driver/Src/stm32f7xx_hal_pwr_ex.c **** {
 236              		.loc 1 214 1 is_stmt 1 view -0
 237              		.cfi_startproc
 238              		@ args = 0, pretend = 0, frame = 0
 239              		@ frame_needed = 0, uses_anonymous_args = 0
 240              		@ link register save eliminated.
 215:Drivers/STM32F7xx_HAL_Driver/Src/stm32f7xx_hal_pwr_ex.c ****   /* Enable Main regulator low voltage */
 216:Drivers/STM32F7xx_HAL_Driver/Src/stm32f7xx_hal_pwr_ex.c ****   PWR->CR1 |= PWR_CR1_MRUDS;
 241              		.loc 1 216 3 view .LVU49
 242              		.loc 1 216 12 is_stmt 0 view .LVU50
 243 0000 024A     		ldr	r2, .L26
 244 0002 1368     		ldr	r3, [r2]
 245 0004 43F40063 		orr	r3, r3, #2048
 246 0008 1360     		str	r3, [r2]
 217:Drivers/STM32F7xx_HAL_Driver/Src/stm32f7xx_hal_pwr_ex.c **** }
 247              		.loc 1 217 1 view .LVU51
 248 000a 7047     		bx	lr
ARM GAS  /tmp/ccmU1TOK.s 			page 9


 249              	.L27:
 250              		.align	2
 251              	.L26:
 252 000c 00700040 		.word	1073770496
 253              		.cfi_endproc
 254              	.LFE145:
 256              		.section	.text.HAL_PWREx_DisableMainRegulatorLowVoltage,"ax",%progbits
 257              		.align	1
 258              		.global	HAL_PWREx_DisableMainRegulatorLowVoltage
 259              		.syntax unified
 260              		.thumb
 261              		.thumb_func
 262              		.fpu fpv5-d16
 264              	HAL_PWREx_DisableMainRegulatorLowVoltage:
 265              	.LFB146:
 218:Drivers/STM32F7xx_HAL_Driver/Src/stm32f7xx_hal_pwr_ex.c **** 
 219:Drivers/STM32F7xx_HAL_Driver/Src/stm32f7xx_hal_pwr_ex.c **** /**
 220:Drivers/STM32F7xx_HAL_Driver/Src/stm32f7xx_hal_pwr_ex.c ****   * @brief Disables Main Regulator low voltage mode.
 221:Drivers/STM32F7xx_HAL_Driver/Src/stm32f7xx_hal_pwr_ex.c ****   * @retval None
 222:Drivers/STM32F7xx_HAL_Driver/Src/stm32f7xx_hal_pwr_ex.c ****   */
 223:Drivers/STM32F7xx_HAL_Driver/Src/stm32f7xx_hal_pwr_ex.c **** void HAL_PWREx_DisableMainRegulatorLowVoltage(void)
 224:Drivers/STM32F7xx_HAL_Driver/Src/stm32f7xx_hal_pwr_ex.c **** {  
 266              		.loc 1 224 1 is_stmt 1 view -0
 267              		.cfi_startproc
 268              		@ args = 0, pretend = 0, frame = 0
 269              		@ frame_needed = 0, uses_anonymous_args = 0
 270              		@ link register save eliminated.
 225:Drivers/STM32F7xx_HAL_Driver/Src/stm32f7xx_hal_pwr_ex.c ****   /* Disable Main regulator low voltage */
 226:Drivers/STM32F7xx_HAL_Driver/Src/stm32f7xx_hal_pwr_ex.c ****   PWR->CR1 &= (uint32_t)~((uint32_t)PWR_CR1_MRUDS);
 271              		.loc 1 226 3 view .LVU53
 272              		.loc 1 226 12 is_stmt 0 view .LVU54
 273 0000 024A     		ldr	r2, .L29
 274 0002 1368     		ldr	r3, [r2]
 275 0004 23F40063 		bic	r3, r3, #2048
 276 0008 1360     		str	r3, [r2]
 227:Drivers/STM32F7xx_HAL_Driver/Src/stm32f7xx_hal_pwr_ex.c **** }
 277              		.loc 1 227 1 view .LVU55
 278 000a 7047     		bx	lr
 279              	.L30:
 280              		.align	2
 281              	.L29:
 282 000c 00700040 		.word	1073770496
 283              		.cfi_endproc
 284              	.LFE146:
 286              		.section	.text.HAL_PWREx_EnableLowRegulatorLowVoltage,"ax",%progbits
 287              		.align	1
 288              		.global	HAL_PWREx_EnableLowRegulatorLowVoltage
 289              		.syntax unified
 290              		.thumb
 291              		.thumb_func
 292              		.fpu fpv5-d16
 294              	HAL_PWREx_EnableLowRegulatorLowVoltage:
 295              	.LFB147:
 228:Drivers/STM32F7xx_HAL_Driver/Src/stm32f7xx_hal_pwr_ex.c **** 
 229:Drivers/STM32F7xx_HAL_Driver/Src/stm32f7xx_hal_pwr_ex.c **** /**
 230:Drivers/STM32F7xx_HAL_Driver/Src/stm32f7xx_hal_pwr_ex.c ****   * @brief Enables Low Power Regulator low voltage mode.
 231:Drivers/STM32F7xx_HAL_Driver/Src/stm32f7xx_hal_pwr_ex.c ****   * @retval None
ARM GAS  /tmp/ccmU1TOK.s 			page 10


 232:Drivers/STM32F7xx_HAL_Driver/Src/stm32f7xx_hal_pwr_ex.c ****   */
 233:Drivers/STM32F7xx_HAL_Driver/Src/stm32f7xx_hal_pwr_ex.c **** void HAL_PWREx_EnableLowRegulatorLowVoltage(void)
 234:Drivers/STM32F7xx_HAL_Driver/Src/stm32f7xx_hal_pwr_ex.c **** {
 296              		.loc 1 234 1 is_stmt 1 view -0
 297              		.cfi_startproc
 298              		@ args = 0, pretend = 0, frame = 0
 299              		@ frame_needed = 0, uses_anonymous_args = 0
 300              		@ link register save eliminated.
 235:Drivers/STM32F7xx_HAL_Driver/Src/stm32f7xx_hal_pwr_ex.c ****   /* Enable low power regulator */
 236:Drivers/STM32F7xx_HAL_Driver/Src/stm32f7xx_hal_pwr_ex.c ****   PWR->CR1 |= PWR_CR1_LPUDS;
 301              		.loc 1 236 3 view .LVU57
 302              		.loc 1 236 12 is_stmt 0 view .LVU58
 303 0000 024A     		ldr	r2, .L32
 304 0002 1368     		ldr	r3, [r2]
 305 0004 43F48063 		orr	r3, r3, #1024
 306 0008 1360     		str	r3, [r2]
 237:Drivers/STM32F7xx_HAL_Driver/Src/stm32f7xx_hal_pwr_ex.c **** }
 307              		.loc 1 237 1 view .LVU59
 308 000a 7047     		bx	lr
 309              	.L33:
 310              		.align	2
 311              	.L32:
 312 000c 00700040 		.word	1073770496
 313              		.cfi_endproc
 314              	.LFE147:
 316              		.section	.text.HAL_PWREx_DisableLowRegulatorLowVoltage,"ax",%progbits
 317              		.align	1
 318              		.global	HAL_PWREx_DisableLowRegulatorLowVoltage
 319              		.syntax unified
 320              		.thumb
 321              		.thumb_func
 322              		.fpu fpv5-d16
 324              	HAL_PWREx_DisableLowRegulatorLowVoltage:
 325              	.LFB148:
 238:Drivers/STM32F7xx_HAL_Driver/Src/stm32f7xx_hal_pwr_ex.c **** 
 239:Drivers/STM32F7xx_HAL_Driver/Src/stm32f7xx_hal_pwr_ex.c **** /**
 240:Drivers/STM32F7xx_HAL_Driver/Src/stm32f7xx_hal_pwr_ex.c ****   * @brief Disables Low Power Regulator low voltage mode.
 241:Drivers/STM32F7xx_HAL_Driver/Src/stm32f7xx_hal_pwr_ex.c ****   * @retval None
 242:Drivers/STM32F7xx_HAL_Driver/Src/stm32f7xx_hal_pwr_ex.c ****   */
 243:Drivers/STM32F7xx_HAL_Driver/Src/stm32f7xx_hal_pwr_ex.c **** void HAL_PWREx_DisableLowRegulatorLowVoltage(void)
 244:Drivers/STM32F7xx_HAL_Driver/Src/stm32f7xx_hal_pwr_ex.c **** {
 326              		.loc 1 244 1 is_stmt 1 view -0
 327              		.cfi_startproc
 328              		@ args = 0, pretend = 0, frame = 0
 329              		@ frame_needed = 0, uses_anonymous_args = 0
 330              		@ link register save eliminated.
 245:Drivers/STM32F7xx_HAL_Driver/Src/stm32f7xx_hal_pwr_ex.c ****   /* Disable low power regulator */
 246:Drivers/STM32F7xx_HAL_Driver/Src/stm32f7xx_hal_pwr_ex.c ****   PWR->CR1 &= (uint32_t)~((uint32_t)PWR_CR1_LPUDS);
 331              		.loc 1 246 3 view .LVU61
 332              		.loc 1 246 12 is_stmt 0 view .LVU62
 333 0000 024A     		ldr	r2, .L35
 334 0002 1368     		ldr	r3, [r2]
 335 0004 23F48063 		bic	r3, r3, #1024
 336 0008 1360     		str	r3, [r2]
 247:Drivers/STM32F7xx_HAL_Driver/Src/stm32f7xx_hal_pwr_ex.c **** }
 337              		.loc 1 247 1 view .LVU63
 338 000a 7047     		bx	lr
ARM GAS  /tmp/ccmU1TOK.s 			page 11


 339              	.L36:
 340              		.align	2
 341              	.L35:
 342 000c 00700040 		.word	1073770496
 343              		.cfi_endproc
 344              	.LFE148:
 346              		.section	.text.HAL_PWREx_EnableOverDrive,"ax",%progbits
 347              		.align	1
 348              		.global	HAL_PWREx_EnableOverDrive
 349              		.syntax unified
 350              		.thumb
 351              		.thumb_func
 352              		.fpu fpv5-d16
 354              	HAL_PWREx_EnableOverDrive:
 355              	.LFB149:
 248:Drivers/STM32F7xx_HAL_Driver/Src/stm32f7xx_hal_pwr_ex.c **** 
 249:Drivers/STM32F7xx_HAL_Driver/Src/stm32f7xx_hal_pwr_ex.c **** /**
 250:Drivers/STM32F7xx_HAL_Driver/Src/stm32f7xx_hal_pwr_ex.c ****   * @brief  Activates the Over-Drive mode.
 251:Drivers/STM32F7xx_HAL_Driver/Src/stm32f7xx_hal_pwr_ex.c ****   * @note   This mode allows the CPU and the core logic to operate at a higher frequency
 252:Drivers/STM32F7xx_HAL_Driver/Src/stm32f7xx_hal_pwr_ex.c ****   *         than the normal mode for a given voltage scaling (scale 1, scale 2 or scale 3).   
 253:Drivers/STM32F7xx_HAL_Driver/Src/stm32f7xx_hal_pwr_ex.c ****   * @note   It is recommended to enter or exit Over-drive mode when the application is not running 
 254:Drivers/STM32F7xx_HAL_Driver/Src/stm32f7xx_hal_pwr_ex.c ****   *         critical tasks and when the system clock source is either HSI or HSE. 
 255:Drivers/STM32F7xx_HAL_Driver/Src/stm32f7xx_hal_pwr_ex.c ****   *         During the Over-drive switch activation, no peripheral clocks should be enabled.   
 256:Drivers/STM32F7xx_HAL_Driver/Src/stm32f7xx_hal_pwr_ex.c ****   *         The peripheral clocks must be enabled once the Over-drive mode is activated.   
 257:Drivers/STM32F7xx_HAL_Driver/Src/stm32f7xx_hal_pwr_ex.c ****   * @retval HAL status
 258:Drivers/STM32F7xx_HAL_Driver/Src/stm32f7xx_hal_pwr_ex.c ****   */
 259:Drivers/STM32F7xx_HAL_Driver/Src/stm32f7xx_hal_pwr_ex.c **** HAL_StatusTypeDef HAL_PWREx_EnableOverDrive(void)
 260:Drivers/STM32F7xx_HAL_Driver/Src/stm32f7xx_hal_pwr_ex.c **** {
 356              		.loc 1 260 1 is_stmt 1 view -0
 357              		.cfi_startproc
 358              		@ args = 0, pretend = 0, frame = 8
 359              		@ frame_needed = 0, uses_anonymous_args = 0
 360 0000 10B5     		push	{r4, lr}
 361              	.LCFI2:
 362              		.cfi_def_cfa_offset 8
 363              		.cfi_offset 4, -8
 364              		.cfi_offset 14, -4
 365 0002 82B0     		sub	sp, sp, #8
 366              	.LCFI3:
 367              		.cfi_def_cfa_offset 16
 261:Drivers/STM32F7xx_HAL_Driver/Src/stm32f7xx_hal_pwr_ex.c ****   uint32_t tickstart = 0;
 368              		.loc 1 261 3 view .LVU65
 369              	.LVL10:
 262:Drivers/STM32F7xx_HAL_Driver/Src/stm32f7xx_hal_pwr_ex.c **** 
 263:Drivers/STM32F7xx_HAL_Driver/Src/stm32f7xx_hal_pwr_ex.c ****   __HAL_RCC_PWR_CLK_ENABLE();
 370              		.loc 1 263 3 view .LVU66
 371              	.LBB2:
 372              		.loc 1 263 3 view .LVU67
 373              		.loc 1 263 3 view .LVU68
 374 0004 1B4B     		ldr	r3, .L48
 375 0006 1A6C     		ldr	r2, [r3, #64]
 376 0008 42F08052 		orr	r2, r2, #268435456
 377 000c 1A64     		str	r2, [r3, #64]
 378              		.loc 1 263 3 view .LVU69
 379 000e 1B6C     		ldr	r3, [r3, #64]
 380 0010 03F08053 		and	r3, r3, #268435456
 381 0014 0193     		str	r3, [sp, #4]
ARM GAS  /tmp/ccmU1TOK.s 			page 12


 382              		.loc 1 263 3 view .LVU70
 383 0016 019B     		ldr	r3, [sp, #4]
 384              	.LBE2:
 385              		.loc 1 263 3 view .LVU71
 264:Drivers/STM32F7xx_HAL_Driver/Src/stm32f7xx_hal_pwr_ex.c ****   
 265:Drivers/STM32F7xx_HAL_Driver/Src/stm32f7xx_hal_pwr_ex.c ****   /* Enable the Over-drive to extend the clock frequency to 216 MHz */
 266:Drivers/STM32F7xx_HAL_Driver/Src/stm32f7xx_hal_pwr_ex.c ****   __HAL_PWR_OVERDRIVE_ENABLE();
 386              		.loc 1 266 3 view .LVU72
 387 0018 174A     		ldr	r2, .L48+4
 388 001a 1368     		ldr	r3, [r2]
 389 001c 43F48033 		orr	r3, r3, #65536
 390 0020 1360     		str	r3, [r2]
 267:Drivers/STM32F7xx_HAL_Driver/Src/stm32f7xx_hal_pwr_ex.c **** 
 268:Drivers/STM32F7xx_HAL_Driver/Src/stm32f7xx_hal_pwr_ex.c ****   /* Get tick */
 269:Drivers/STM32F7xx_HAL_Driver/Src/stm32f7xx_hal_pwr_ex.c ****   tickstart = HAL_GetTick();
 391              		.loc 1 269 3 view .LVU73
 392              		.loc 1 269 15 is_stmt 0 view .LVU74
 393 0022 FFF7FEFF 		bl	HAL_GetTick
 394              	.LVL11:
 395 0026 0446     		mov	r4, r0
 396              	.LVL12:
 270:Drivers/STM32F7xx_HAL_Driver/Src/stm32f7xx_hal_pwr_ex.c **** 
 271:Drivers/STM32F7xx_HAL_Driver/Src/stm32f7xx_hal_pwr_ex.c ****   while(!__HAL_PWR_GET_FLAG(PWR_FLAG_ODRDY))
 397              		.loc 1 271 3 is_stmt 1 view .LVU75
 398              	.L38:
 399              		.loc 1 271 8 view .LVU76
 400              		.loc 1 271 10 is_stmt 0 view .LVU77
 401 0028 134B     		ldr	r3, .L48+4
 402 002a 5B68     		ldr	r3, [r3, #4]
 403              		.loc 1 271 8 view .LVU78
 404 002c 13F4803F 		tst	r3, #65536
 405 0030 08D1     		bne	.L46
 272:Drivers/STM32F7xx_HAL_Driver/Src/stm32f7xx_hal_pwr_ex.c ****   {
 273:Drivers/STM32F7xx_HAL_Driver/Src/stm32f7xx_hal_pwr_ex.c ****     if((HAL_GetTick() - tickstart ) > PWR_OVERDRIVE_TIMEOUT_VALUE)
 406              		.loc 1 273 5 is_stmt 1 view .LVU79
 407              		.loc 1 273 9 is_stmt 0 view .LVU80
 408 0032 FFF7FEFF 		bl	HAL_GetTick
 409              	.LVL13:
 410              		.loc 1 273 23 view .LVU81
 411 0036 001B     		subs	r0, r0, r4
 412              		.loc 1 273 7 view .LVU82
 413 0038 B0F57A7F 		cmp	r0, #1000
 414 003c F4D9     		bls	.L38
 274:Drivers/STM32F7xx_HAL_Driver/Src/stm32f7xx_hal_pwr_ex.c ****     {
 275:Drivers/STM32F7xx_HAL_Driver/Src/stm32f7xx_hal_pwr_ex.c ****       return HAL_TIMEOUT;
 415              		.loc 1 275 14 view .LVU83
 416 003e 0320     		movs	r0, #3
 417              	.L39:
 276:Drivers/STM32F7xx_HAL_Driver/Src/stm32f7xx_hal_pwr_ex.c ****     }
 277:Drivers/STM32F7xx_HAL_Driver/Src/stm32f7xx_hal_pwr_ex.c ****   }
 278:Drivers/STM32F7xx_HAL_Driver/Src/stm32f7xx_hal_pwr_ex.c ****   
 279:Drivers/STM32F7xx_HAL_Driver/Src/stm32f7xx_hal_pwr_ex.c ****   /* Enable the Over-drive switch */
 280:Drivers/STM32F7xx_HAL_Driver/Src/stm32f7xx_hal_pwr_ex.c ****   __HAL_PWR_OVERDRIVESWITCHING_ENABLE();
 281:Drivers/STM32F7xx_HAL_Driver/Src/stm32f7xx_hal_pwr_ex.c **** 
 282:Drivers/STM32F7xx_HAL_Driver/Src/stm32f7xx_hal_pwr_ex.c ****   /* Get tick */
 283:Drivers/STM32F7xx_HAL_Driver/Src/stm32f7xx_hal_pwr_ex.c ****   tickstart = HAL_GetTick();
 284:Drivers/STM32F7xx_HAL_Driver/Src/stm32f7xx_hal_pwr_ex.c **** 
ARM GAS  /tmp/ccmU1TOK.s 			page 13


 285:Drivers/STM32F7xx_HAL_Driver/Src/stm32f7xx_hal_pwr_ex.c ****   while(!__HAL_PWR_GET_FLAG(PWR_FLAG_ODSWRDY))
 286:Drivers/STM32F7xx_HAL_Driver/Src/stm32f7xx_hal_pwr_ex.c ****   {
 287:Drivers/STM32F7xx_HAL_Driver/Src/stm32f7xx_hal_pwr_ex.c ****     if((HAL_GetTick() - tickstart ) > PWR_OVERDRIVE_TIMEOUT_VALUE)
 288:Drivers/STM32F7xx_HAL_Driver/Src/stm32f7xx_hal_pwr_ex.c ****     {
 289:Drivers/STM32F7xx_HAL_Driver/Src/stm32f7xx_hal_pwr_ex.c ****       return HAL_TIMEOUT;
 290:Drivers/STM32F7xx_HAL_Driver/Src/stm32f7xx_hal_pwr_ex.c ****     }
 291:Drivers/STM32F7xx_HAL_Driver/Src/stm32f7xx_hal_pwr_ex.c ****   } 
 292:Drivers/STM32F7xx_HAL_Driver/Src/stm32f7xx_hal_pwr_ex.c ****   return HAL_OK;
 293:Drivers/STM32F7xx_HAL_Driver/Src/stm32f7xx_hal_pwr_ex.c **** }
 418              		.loc 1 293 1 view .LVU84
 419 0040 02B0     		add	sp, sp, #8
 420              	.LCFI4:
 421              		.cfi_remember_state
 422              		.cfi_def_cfa_offset 8
 423              		@ sp needed
 424 0042 10BD     		pop	{r4, pc}
 425              	.LVL14:
 426              	.L46:
 427              	.LCFI5:
 428              		.cfi_restore_state
 280:Drivers/STM32F7xx_HAL_Driver/Src/stm32f7xx_hal_pwr_ex.c **** 
 429              		.loc 1 280 3 is_stmt 1 view .LVU85
 430 0044 0C4A     		ldr	r2, .L48+4
 431 0046 1368     		ldr	r3, [r2]
 432 0048 43F40033 		orr	r3, r3, #131072
 433 004c 1360     		str	r3, [r2]
 283:Drivers/STM32F7xx_HAL_Driver/Src/stm32f7xx_hal_pwr_ex.c **** 
 434              		.loc 1 283 3 view .LVU86
 283:Drivers/STM32F7xx_HAL_Driver/Src/stm32f7xx_hal_pwr_ex.c **** 
 435              		.loc 1 283 15 is_stmt 0 view .LVU87
 436 004e FFF7FEFF 		bl	HAL_GetTick
 437              	.LVL15:
 438 0052 0446     		mov	r4, r0
 439              	.LVL16:
 285:Drivers/STM32F7xx_HAL_Driver/Src/stm32f7xx_hal_pwr_ex.c ****   {
 440              		.loc 1 285 3 is_stmt 1 view .LVU88
 441              	.L41:
 285:Drivers/STM32F7xx_HAL_Driver/Src/stm32f7xx_hal_pwr_ex.c ****   {
 442              		.loc 1 285 8 view .LVU89
 285:Drivers/STM32F7xx_HAL_Driver/Src/stm32f7xx_hal_pwr_ex.c ****   {
 443              		.loc 1 285 10 is_stmt 0 view .LVU90
 444 0054 084B     		ldr	r3, .L48+4
 445 0056 5B68     		ldr	r3, [r3, #4]
 285:Drivers/STM32F7xx_HAL_Driver/Src/stm32f7xx_hal_pwr_ex.c ****   {
 446              		.loc 1 285 8 view .LVU91
 447 0058 13F4003F 		tst	r3, #131072
 448 005c 07D1     		bne	.L47
 287:Drivers/STM32F7xx_HAL_Driver/Src/stm32f7xx_hal_pwr_ex.c ****     {
 449              		.loc 1 287 5 is_stmt 1 view .LVU92
 287:Drivers/STM32F7xx_HAL_Driver/Src/stm32f7xx_hal_pwr_ex.c ****     {
 450              		.loc 1 287 9 is_stmt 0 view .LVU93
 451 005e FFF7FEFF 		bl	HAL_GetTick
 452              	.LVL17:
 287:Drivers/STM32F7xx_HAL_Driver/Src/stm32f7xx_hal_pwr_ex.c ****     {
 453              		.loc 1 287 23 view .LVU94
 454 0062 001B     		subs	r0, r0, r4
 287:Drivers/STM32F7xx_HAL_Driver/Src/stm32f7xx_hal_pwr_ex.c ****     {
ARM GAS  /tmp/ccmU1TOK.s 			page 14


 455              		.loc 1 287 7 view .LVU95
 456 0064 B0F57A7F 		cmp	r0, #1000
 457 0068 F4D9     		bls	.L41
 289:Drivers/STM32F7xx_HAL_Driver/Src/stm32f7xx_hal_pwr_ex.c ****     }
 458              		.loc 1 289 14 view .LVU96
 459 006a 0320     		movs	r0, #3
 460 006c E8E7     		b	.L39
 461              	.L47:
 292:Drivers/STM32F7xx_HAL_Driver/Src/stm32f7xx_hal_pwr_ex.c **** }
 462              		.loc 1 292 10 view .LVU97
 463 006e 0020     		movs	r0, #0
 464 0070 E6E7     		b	.L39
 465              	.L49:
 466 0072 00BF     		.align	2
 467              	.L48:
 468 0074 00380240 		.word	1073887232
 469 0078 00700040 		.word	1073770496
 470              		.cfi_endproc
 471              	.LFE149:
 473              		.section	.text.HAL_PWREx_DisableOverDrive,"ax",%progbits
 474              		.align	1
 475              		.global	HAL_PWREx_DisableOverDrive
 476              		.syntax unified
 477              		.thumb
 478              		.thumb_func
 479              		.fpu fpv5-d16
 481              	HAL_PWREx_DisableOverDrive:
 482              	.LFB150:
 294:Drivers/STM32F7xx_HAL_Driver/Src/stm32f7xx_hal_pwr_ex.c **** 
 295:Drivers/STM32F7xx_HAL_Driver/Src/stm32f7xx_hal_pwr_ex.c **** /**
 296:Drivers/STM32F7xx_HAL_Driver/Src/stm32f7xx_hal_pwr_ex.c ****   * @brief  Deactivates the Over-Drive mode.
 297:Drivers/STM32F7xx_HAL_Driver/Src/stm32f7xx_hal_pwr_ex.c ****   * @note   This mode allows the CPU and the core logic to operate at a higher frequency
 298:Drivers/STM32F7xx_HAL_Driver/Src/stm32f7xx_hal_pwr_ex.c ****   *         than the normal mode for a given voltage scaling (scale 1, scale 2 or scale 3).    
 299:Drivers/STM32F7xx_HAL_Driver/Src/stm32f7xx_hal_pwr_ex.c ****   * @note   It is recommended to enter or exit Over-drive mode when the application is not running 
 300:Drivers/STM32F7xx_HAL_Driver/Src/stm32f7xx_hal_pwr_ex.c ****   *         critical tasks and when the system clock source is either HSI or HSE. 
 301:Drivers/STM32F7xx_HAL_Driver/Src/stm32f7xx_hal_pwr_ex.c ****   *         During the Over-drive switch activation, no peripheral clocks should be enabled.   
 302:Drivers/STM32F7xx_HAL_Driver/Src/stm32f7xx_hal_pwr_ex.c ****   *         The peripheral clocks must be enabled once the Over-drive mode is activated.
 303:Drivers/STM32F7xx_HAL_Driver/Src/stm32f7xx_hal_pwr_ex.c ****   * @retval HAL status
 304:Drivers/STM32F7xx_HAL_Driver/Src/stm32f7xx_hal_pwr_ex.c ****   */
 305:Drivers/STM32F7xx_HAL_Driver/Src/stm32f7xx_hal_pwr_ex.c **** HAL_StatusTypeDef HAL_PWREx_DisableOverDrive(void)
 306:Drivers/STM32F7xx_HAL_Driver/Src/stm32f7xx_hal_pwr_ex.c **** {
 483              		.loc 1 306 1 is_stmt 1 view -0
 484              		.cfi_startproc
 485              		@ args = 0, pretend = 0, frame = 8
 486              		@ frame_needed = 0, uses_anonymous_args = 0
 487 0000 10B5     		push	{r4, lr}
 488              	.LCFI6:
 489              		.cfi_def_cfa_offset 8
 490              		.cfi_offset 4, -8
 491              		.cfi_offset 14, -4
 492 0002 82B0     		sub	sp, sp, #8
 493              	.LCFI7:
 494              		.cfi_def_cfa_offset 16
 307:Drivers/STM32F7xx_HAL_Driver/Src/stm32f7xx_hal_pwr_ex.c ****   uint32_t tickstart = 0;
 495              		.loc 1 307 3 view .LVU99
 496              	.LVL18:
 308:Drivers/STM32F7xx_HAL_Driver/Src/stm32f7xx_hal_pwr_ex.c ****   
ARM GAS  /tmp/ccmU1TOK.s 			page 15


 309:Drivers/STM32F7xx_HAL_Driver/Src/stm32f7xx_hal_pwr_ex.c ****   __HAL_RCC_PWR_CLK_ENABLE();
 497              		.loc 1 309 3 view .LVU100
 498              	.LBB3:
 499              		.loc 1 309 3 view .LVU101
 500              		.loc 1 309 3 view .LVU102
 501 0004 1B4B     		ldr	r3, .L61
 502 0006 1A6C     		ldr	r2, [r3, #64]
 503 0008 42F08052 		orr	r2, r2, #268435456
 504 000c 1A64     		str	r2, [r3, #64]
 505              		.loc 1 309 3 view .LVU103
 506 000e 1B6C     		ldr	r3, [r3, #64]
 507 0010 03F08053 		and	r3, r3, #268435456
 508 0014 0193     		str	r3, [sp, #4]
 509              		.loc 1 309 3 view .LVU104
 510 0016 019B     		ldr	r3, [sp, #4]
 511              	.LBE3:
 512              		.loc 1 309 3 view .LVU105
 310:Drivers/STM32F7xx_HAL_Driver/Src/stm32f7xx_hal_pwr_ex.c ****     
 311:Drivers/STM32F7xx_HAL_Driver/Src/stm32f7xx_hal_pwr_ex.c ****   /* Disable the Over-drive switch */
 312:Drivers/STM32F7xx_HAL_Driver/Src/stm32f7xx_hal_pwr_ex.c ****   __HAL_PWR_OVERDRIVESWITCHING_DISABLE();
 513              		.loc 1 312 3 view .LVU106
 514 0018 174A     		ldr	r2, .L61+4
 515 001a 1368     		ldr	r3, [r2]
 516 001c 23F40033 		bic	r3, r3, #131072
 517 0020 1360     		str	r3, [r2]
 313:Drivers/STM32F7xx_HAL_Driver/Src/stm32f7xx_hal_pwr_ex.c ****   
 314:Drivers/STM32F7xx_HAL_Driver/Src/stm32f7xx_hal_pwr_ex.c ****   /* Get tick */
 315:Drivers/STM32F7xx_HAL_Driver/Src/stm32f7xx_hal_pwr_ex.c ****   tickstart = HAL_GetTick();
 518              		.loc 1 315 3 view .LVU107
 519              		.loc 1 315 15 is_stmt 0 view .LVU108
 520 0022 FFF7FEFF 		bl	HAL_GetTick
 521              	.LVL19:
 522 0026 0446     		mov	r4, r0
 523              	.LVL20:
 316:Drivers/STM32F7xx_HAL_Driver/Src/stm32f7xx_hal_pwr_ex.c ****  
 317:Drivers/STM32F7xx_HAL_Driver/Src/stm32f7xx_hal_pwr_ex.c ****   while(__HAL_PWR_GET_FLAG(PWR_FLAG_ODSWRDY))
 524              		.loc 1 317 3 is_stmt 1 view .LVU109
 525              	.L51:
 526              		.loc 1 317 8 view .LVU110
 527              		.loc 1 317 9 is_stmt 0 view .LVU111
 528 0028 134B     		ldr	r3, .L61+4
 529 002a 5B68     		ldr	r3, [r3, #4]
 530              		.loc 1 317 8 view .LVU112
 531 002c 13F4003F 		tst	r3, #131072
 532 0030 08D0     		beq	.L59
 318:Drivers/STM32F7xx_HAL_Driver/Src/stm32f7xx_hal_pwr_ex.c ****   {
 319:Drivers/STM32F7xx_HAL_Driver/Src/stm32f7xx_hal_pwr_ex.c ****     if((HAL_GetTick() - tickstart ) > PWR_OVERDRIVE_TIMEOUT_VALUE)
 533              		.loc 1 319 5 is_stmt 1 view .LVU113
 534              		.loc 1 319 9 is_stmt 0 view .LVU114
 535 0032 FFF7FEFF 		bl	HAL_GetTick
 536              	.LVL21:
 537              		.loc 1 319 23 view .LVU115
 538 0036 001B     		subs	r0, r0, r4
 539              		.loc 1 319 7 view .LVU116
 540 0038 B0F57A7F 		cmp	r0, #1000
 541 003c F4D9     		bls	.L51
 320:Drivers/STM32F7xx_HAL_Driver/Src/stm32f7xx_hal_pwr_ex.c ****     {
ARM GAS  /tmp/ccmU1TOK.s 			page 16


 321:Drivers/STM32F7xx_HAL_Driver/Src/stm32f7xx_hal_pwr_ex.c ****       return HAL_TIMEOUT;
 542              		.loc 1 321 14 view .LVU117
 543 003e 0320     		movs	r0, #3
 544              	.L52:
 322:Drivers/STM32F7xx_HAL_Driver/Src/stm32f7xx_hal_pwr_ex.c ****     }
 323:Drivers/STM32F7xx_HAL_Driver/Src/stm32f7xx_hal_pwr_ex.c ****   } 
 324:Drivers/STM32F7xx_HAL_Driver/Src/stm32f7xx_hal_pwr_ex.c ****   
 325:Drivers/STM32F7xx_HAL_Driver/Src/stm32f7xx_hal_pwr_ex.c ****   /* Disable the Over-drive */
 326:Drivers/STM32F7xx_HAL_Driver/Src/stm32f7xx_hal_pwr_ex.c ****   __HAL_PWR_OVERDRIVE_DISABLE();
 327:Drivers/STM32F7xx_HAL_Driver/Src/stm32f7xx_hal_pwr_ex.c **** 
 328:Drivers/STM32F7xx_HAL_Driver/Src/stm32f7xx_hal_pwr_ex.c ****   /* Get tick */
 329:Drivers/STM32F7xx_HAL_Driver/Src/stm32f7xx_hal_pwr_ex.c ****   tickstart = HAL_GetTick();
 330:Drivers/STM32F7xx_HAL_Driver/Src/stm32f7xx_hal_pwr_ex.c **** 
 331:Drivers/STM32F7xx_HAL_Driver/Src/stm32f7xx_hal_pwr_ex.c ****   while(__HAL_PWR_GET_FLAG(PWR_FLAG_ODRDY))
 332:Drivers/STM32F7xx_HAL_Driver/Src/stm32f7xx_hal_pwr_ex.c ****   {
 333:Drivers/STM32F7xx_HAL_Driver/Src/stm32f7xx_hal_pwr_ex.c ****     if((HAL_GetTick() - tickstart ) > PWR_OVERDRIVE_TIMEOUT_VALUE)
 334:Drivers/STM32F7xx_HAL_Driver/Src/stm32f7xx_hal_pwr_ex.c ****     {
 335:Drivers/STM32F7xx_HAL_Driver/Src/stm32f7xx_hal_pwr_ex.c ****       return HAL_TIMEOUT;
 336:Drivers/STM32F7xx_HAL_Driver/Src/stm32f7xx_hal_pwr_ex.c ****     }
 337:Drivers/STM32F7xx_HAL_Driver/Src/stm32f7xx_hal_pwr_ex.c ****   }
 338:Drivers/STM32F7xx_HAL_Driver/Src/stm32f7xx_hal_pwr_ex.c ****   
 339:Drivers/STM32F7xx_HAL_Driver/Src/stm32f7xx_hal_pwr_ex.c ****   return HAL_OK;
 340:Drivers/STM32F7xx_HAL_Driver/Src/stm32f7xx_hal_pwr_ex.c **** }
 545              		.loc 1 340 1 view .LVU118
 546 0040 02B0     		add	sp, sp, #8
 547              	.LCFI8:
 548              		.cfi_remember_state
 549              		.cfi_def_cfa_offset 8
 550              		@ sp needed
 551 0042 10BD     		pop	{r4, pc}
 552              	.LVL22:
 553              	.L59:
 554              	.LCFI9:
 555              		.cfi_restore_state
 326:Drivers/STM32F7xx_HAL_Driver/Src/stm32f7xx_hal_pwr_ex.c **** 
 556              		.loc 1 326 3 is_stmt 1 view .LVU119
 557 0044 0C4A     		ldr	r2, .L61+4
 558 0046 1368     		ldr	r3, [r2]
 559 0048 23F48033 		bic	r3, r3, #65536
 560 004c 1360     		str	r3, [r2]
 329:Drivers/STM32F7xx_HAL_Driver/Src/stm32f7xx_hal_pwr_ex.c **** 
 561              		.loc 1 329 3 view .LVU120
 329:Drivers/STM32F7xx_HAL_Driver/Src/stm32f7xx_hal_pwr_ex.c **** 
 562              		.loc 1 329 15 is_stmt 0 view .LVU121
 563 004e FFF7FEFF 		bl	HAL_GetTick
 564              	.LVL23:
 565 0052 0446     		mov	r4, r0
 566              	.LVL24:
 331:Drivers/STM32F7xx_HAL_Driver/Src/stm32f7xx_hal_pwr_ex.c ****   {
 567              		.loc 1 331 3 is_stmt 1 view .LVU122
 568              	.L54:
 331:Drivers/STM32F7xx_HAL_Driver/Src/stm32f7xx_hal_pwr_ex.c ****   {
 569              		.loc 1 331 8 view .LVU123
 331:Drivers/STM32F7xx_HAL_Driver/Src/stm32f7xx_hal_pwr_ex.c ****   {
 570              		.loc 1 331 9 is_stmt 0 view .LVU124
 571 0054 084B     		ldr	r3, .L61+4
 572 0056 5B68     		ldr	r3, [r3, #4]
ARM GAS  /tmp/ccmU1TOK.s 			page 17


 331:Drivers/STM32F7xx_HAL_Driver/Src/stm32f7xx_hal_pwr_ex.c ****   {
 573              		.loc 1 331 8 view .LVU125
 574 0058 13F4803F 		tst	r3, #65536
 575 005c 07D0     		beq	.L60
 333:Drivers/STM32F7xx_HAL_Driver/Src/stm32f7xx_hal_pwr_ex.c ****     {
 576              		.loc 1 333 5 is_stmt 1 view .LVU126
 333:Drivers/STM32F7xx_HAL_Driver/Src/stm32f7xx_hal_pwr_ex.c ****     {
 577              		.loc 1 333 9 is_stmt 0 view .LVU127
 578 005e FFF7FEFF 		bl	HAL_GetTick
 579              	.LVL25:
 333:Drivers/STM32F7xx_HAL_Driver/Src/stm32f7xx_hal_pwr_ex.c ****     {
 580              		.loc 1 333 23 view .LVU128
 581 0062 001B     		subs	r0, r0, r4
 333:Drivers/STM32F7xx_HAL_Driver/Src/stm32f7xx_hal_pwr_ex.c ****     {
 582              		.loc 1 333 7 view .LVU129
 583 0064 B0F57A7F 		cmp	r0, #1000
 584 0068 F4D9     		bls	.L54
 335:Drivers/STM32F7xx_HAL_Driver/Src/stm32f7xx_hal_pwr_ex.c ****     }
 585              		.loc 1 335 14 view .LVU130
 586 006a 0320     		movs	r0, #3
 587 006c E8E7     		b	.L52
 588              	.L60:
 339:Drivers/STM32F7xx_HAL_Driver/Src/stm32f7xx_hal_pwr_ex.c **** }
 589              		.loc 1 339 10 view .LVU131
 590 006e 0020     		movs	r0, #0
 591 0070 E6E7     		b	.L52
 592              	.L62:
 593 0072 00BF     		.align	2
 594              	.L61:
 595 0074 00380240 		.word	1073887232
 596 0078 00700040 		.word	1073770496
 597              		.cfi_endproc
 598              	.LFE150:
 600              		.section	.text.HAL_PWREx_EnterUnderDriveSTOPMode,"ax",%progbits
 601              		.align	1
 602              		.global	HAL_PWREx_EnterUnderDriveSTOPMode
 603              		.syntax unified
 604              		.thumb
 605              		.thumb_func
 606              		.fpu fpv5-d16
 608              	HAL_PWREx_EnterUnderDriveSTOPMode:
 609              	.LVL26:
 610              	.LFB151:
 341:Drivers/STM32F7xx_HAL_Driver/Src/stm32f7xx_hal_pwr_ex.c **** 
 342:Drivers/STM32F7xx_HAL_Driver/Src/stm32f7xx_hal_pwr_ex.c **** /**
 343:Drivers/STM32F7xx_HAL_Driver/Src/stm32f7xx_hal_pwr_ex.c ****   * @brief  Enters in Under-Drive STOP mode.
 344:Drivers/STM32F7xx_HAL_Driver/Src/stm32f7xx_hal_pwr_ex.c ****   * 
 345:Drivers/STM32F7xx_HAL_Driver/Src/stm32f7xx_hal_pwr_ex.c ****   * @note    This mode can be selected only when the Under-Drive is already active 
 346:Drivers/STM32F7xx_HAL_Driver/Src/stm32f7xx_hal_pwr_ex.c ****   *   
 347:Drivers/STM32F7xx_HAL_Driver/Src/stm32f7xx_hal_pwr_ex.c ****   * @note    This mode is enabled only with STOP low power mode.
 348:Drivers/STM32F7xx_HAL_Driver/Src/stm32f7xx_hal_pwr_ex.c ****   *          In this mode, the 1.2V domain is preserved in reduced leakage mode. This 
 349:Drivers/STM32F7xx_HAL_Driver/Src/stm32f7xx_hal_pwr_ex.c ****   *          mode is only available when the main regulator or the low power regulator 
 350:Drivers/STM32F7xx_HAL_Driver/Src/stm32f7xx_hal_pwr_ex.c ****   *          is in low voltage mode
 351:Drivers/STM32F7xx_HAL_Driver/Src/stm32f7xx_hal_pwr_ex.c ****   *        
 352:Drivers/STM32F7xx_HAL_Driver/Src/stm32f7xx_hal_pwr_ex.c ****   * @note   If the Under-drive mode was enabled, it is automatically disabled after 
 353:Drivers/STM32F7xx_HAL_Driver/Src/stm32f7xx_hal_pwr_ex.c ****   *         exiting Stop mode. 
 354:Drivers/STM32F7xx_HAL_Driver/Src/stm32f7xx_hal_pwr_ex.c ****   *         When the voltage regulator operates in Under-drive mode, an additional  
ARM GAS  /tmp/ccmU1TOK.s 			page 18


 355:Drivers/STM32F7xx_HAL_Driver/Src/stm32f7xx_hal_pwr_ex.c ****   *         startup delay is induced when waking up from Stop mode.
 356:Drivers/STM32F7xx_HAL_Driver/Src/stm32f7xx_hal_pwr_ex.c ****   *                    
 357:Drivers/STM32F7xx_HAL_Driver/Src/stm32f7xx_hal_pwr_ex.c ****   * @note   In Stop mode, all I/O pins keep the same state as in Run mode.
 358:Drivers/STM32F7xx_HAL_Driver/Src/stm32f7xx_hal_pwr_ex.c ****   *   
 359:Drivers/STM32F7xx_HAL_Driver/Src/stm32f7xx_hal_pwr_ex.c ****   * @note   When exiting Stop mode by issuing an interrupt or a wakeup event, 
 360:Drivers/STM32F7xx_HAL_Driver/Src/stm32f7xx_hal_pwr_ex.c ****   *         the HSI RC oscillator is selected as system clock.
 361:Drivers/STM32F7xx_HAL_Driver/Src/stm32f7xx_hal_pwr_ex.c ****   *           
 362:Drivers/STM32F7xx_HAL_Driver/Src/stm32f7xx_hal_pwr_ex.c ****   * @note   When the voltage regulator operates in low power mode, an additional 
 363:Drivers/STM32F7xx_HAL_Driver/Src/stm32f7xx_hal_pwr_ex.c ****   *         startup delay is incurred when waking up from Stop mode. 
 364:Drivers/STM32F7xx_HAL_Driver/Src/stm32f7xx_hal_pwr_ex.c ****   *         By keeping the internal regulator ON during Stop mode, the consumption 
 365:Drivers/STM32F7xx_HAL_Driver/Src/stm32f7xx_hal_pwr_ex.c ****   *         is higher although the startup time is reduced.
 366:Drivers/STM32F7xx_HAL_Driver/Src/stm32f7xx_hal_pwr_ex.c ****   *     
 367:Drivers/STM32F7xx_HAL_Driver/Src/stm32f7xx_hal_pwr_ex.c ****   * @param  Regulator specifies the regulator state in STOP mode.
 368:Drivers/STM32F7xx_HAL_Driver/Src/stm32f7xx_hal_pwr_ex.c ****   *          This parameter can be one of the following values:
 369:Drivers/STM32F7xx_HAL_Driver/Src/stm32f7xx_hal_pwr_ex.c ****   *            @arg PWR_MAINREGULATOR_UNDERDRIVE_ON:  Main Regulator in under-drive mode 
 370:Drivers/STM32F7xx_HAL_Driver/Src/stm32f7xx_hal_pwr_ex.c ****   *                 and Flash memory in power-down when the device is in Stop under-drive mode
 371:Drivers/STM32F7xx_HAL_Driver/Src/stm32f7xx_hal_pwr_ex.c ****   *            @arg PWR_LOWPOWERREGULATOR_UNDERDRIVE_ON:  Low Power Regulator in under-drive mode 
 372:Drivers/STM32F7xx_HAL_Driver/Src/stm32f7xx_hal_pwr_ex.c ****   *                and Flash memory in power-down when the device is in Stop under-drive mode
 373:Drivers/STM32F7xx_HAL_Driver/Src/stm32f7xx_hal_pwr_ex.c ****   * @param  STOPEntry specifies if STOP mode in entered with WFI or WFE instruction.
 374:Drivers/STM32F7xx_HAL_Driver/Src/stm32f7xx_hal_pwr_ex.c ****   *          This parameter can be one of the following values:
 375:Drivers/STM32F7xx_HAL_Driver/Src/stm32f7xx_hal_pwr_ex.c ****   *            @arg PWR_SLEEPENTRY_WFI: enter STOP mode with WFI instruction
 376:Drivers/STM32F7xx_HAL_Driver/Src/stm32f7xx_hal_pwr_ex.c ****   *            @arg PWR_SLEEPENTRY_WFE: enter STOP mode with WFE instruction
 377:Drivers/STM32F7xx_HAL_Driver/Src/stm32f7xx_hal_pwr_ex.c ****   * @retval None
 378:Drivers/STM32F7xx_HAL_Driver/Src/stm32f7xx_hal_pwr_ex.c ****   */
 379:Drivers/STM32F7xx_HAL_Driver/Src/stm32f7xx_hal_pwr_ex.c **** HAL_StatusTypeDef HAL_PWREx_EnterUnderDriveSTOPMode(uint32_t Regulator, uint8_t STOPEntry)
 380:Drivers/STM32F7xx_HAL_Driver/Src/stm32f7xx_hal_pwr_ex.c **** {
 611              		.loc 1 380 1 is_stmt 1 view -0
 612              		.cfi_startproc
 613              		@ args = 0, pretend = 0, frame = 8
 614              		@ frame_needed = 0, uses_anonymous_args = 0
 615              		.loc 1 380 1 is_stmt 0 view .LVU133
 616 0000 70B5     		push	{r4, r5, r6, lr}
 617              	.LCFI10:
 618              		.cfi_def_cfa_offset 16
 619              		.cfi_offset 4, -16
 620              		.cfi_offset 5, -12
 621              		.cfi_offset 6, -8
 622              		.cfi_offset 14, -4
 623 0002 82B0     		sub	sp, sp, #8
 624              	.LCFI11:
 625              		.cfi_def_cfa_offset 24
 626 0004 0646     		mov	r6, r0
 627 0006 0D46     		mov	r5, r1
 381:Drivers/STM32F7xx_HAL_Driver/Src/stm32f7xx_hal_pwr_ex.c ****   uint32_t tempreg = 0;
 628              		.loc 1 381 3 is_stmt 1 view .LVU134
 629              	.LVL27:
 382:Drivers/STM32F7xx_HAL_Driver/Src/stm32f7xx_hal_pwr_ex.c ****   uint32_t tickstart = 0;
 630              		.loc 1 382 3 view .LVU135
 383:Drivers/STM32F7xx_HAL_Driver/Src/stm32f7xx_hal_pwr_ex.c ****   
 384:Drivers/STM32F7xx_HAL_Driver/Src/stm32f7xx_hal_pwr_ex.c ****   /* Check the parameters */
 385:Drivers/STM32F7xx_HAL_Driver/Src/stm32f7xx_hal_pwr_ex.c ****   assert_param(IS_PWR_REGULATOR_UNDERDRIVE(Regulator));
 631              		.loc 1 385 3 view .LVU136
 386:Drivers/STM32F7xx_HAL_Driver/Src/stm32f7xx_hal_pwr_ex.c ****   assert_param(IS_PWR_STOP_ENTRY(STOPEntry));
 632              		.loc 1 386 3 view .LVU137
 387:Drivers/STM32F7xx_HAL_Driver/Src/stm32f7xx_hal_pwr_ex.c ****   
 388:Drivers/STM32F7xx_HAL_Driver/Src/stm32f7xx_hal_pwr_ex.c ****   /* Enable Power ctrl clock */
 389:Drivers/STM32F7xx_HAL_Driver/Src/stm32f7xx_hal_pwr_ex.c ****   __HAL_RCC_PWR_CLK_ENABLE();
ARM GAS  /tmp/ccmU1TOK.s 			page 19


 633              		.loc 1 389 3 view .LVU138
 634              	.LBB4:
 635              		.loc 1 389 3 view .LVU139
 636              		.loc 1 389 3 view .LVU140
 637 0008 1E4B     		ldr	r3, .L73
 638 000a 1A6C     		ldr	r2, [r3, #64]
 639 000c 42F08052 		orr	r2, r2, #268435456
 640 0010 1A64     		str	r2, [r3, #64]
 641              		.loc 1 389 3 view .LVU141
 642 0012 1B6C     		ldr	r3, [r3, #64]
 643 0014 03F08053 		and	r3, r3, #268435456
 644 0018 0193     		str	r3, [sp, #4]
 645              		.loc 1 389 3 view .LVU142
 646 001a 019B     		ldr	r3, [sp, #4]
 647              	.LBE4:
 648              		.loc 1 389 3 view .LVU143
 390:Drivers/STM32F7xx_HAL_Driver/Src/stm32f7xx_hal_pwr_ex.c ****   /* Enable the Under-drive Mode ---------------------------------------------*/
 391:Drivers/STM32F7xx_HAL_Driver/Src/stm32f7xx_hal_pwr_ex.c ****   /* Clear Under-drive flag */
 392:Drivers/STM32F7xx_HAL_Driver/Src/stm32f7xx_hal_pwr_ex.c ****   __HAL_PWR_CLEAR_ODRUDR_FLAG();
 649              		.loc 1 392 3 view .LVU144
 650 001c 1A4B     		ldr	r3, .L73+4
 651 001e 5A68     		ldr	r2, [r3, #4]
 652 0020 42F44022 		orr	r2, r2, #786432
 653 0024 5A60     		str	r2, [r3, #4]
 393:Drivers/STM32F7xx_HAL_Driver/Src/stm32f7xx_hal_pwr_ex.c ****   
 394:Drivers/STM32F7xx_HAL_Driver/Src/stm32f7xx_hal_pwr_ex.c ****   /* Enable the Under-drive */ 
 395:Drivers/STM32F7xx_HAL_Driver/Src/stm32f7xx_hal_pwr_ex.c ****   __HAL_PWR_UNDERDRIVE_ENABLE();
 654              		.loc 1 395 3 view .LVU145
 655 0026 1A68     		ldr	r2, [r3]
 656 0028 42F44022 		orr	r2, r2, #786432
 657 002c 1A60     		str	r2, [r3]
 396:Drivers/STM32F7xx_HAL_Driver/Src/stm32f7xx_hal_pwr_ex.c **** 
 397:Drivers/STM32F7xx_HAL_Driver/Src/stm32f7xx_hal_pwr_ex.c ****   /* Get tick */
 398:Drivers/STM32F7xx_HAL_Driver/Src/stm32f7xx_hal_pwr_ex.c ****   tickstart = HAL_GetTick();
 658              		.loc 1 398 3 view .LVU146
 659              		.loc 1 398 15 is_stmt 0 view .LVU147
 660 002e FFF7FEFF 		bl	HAL_GetTick
 661              	.LVL28:
 662              		.loc 1 398 15 view .LVU148
 663 0032 0446     		mov	r4, r0
 664              	.LVL29:
 399:Drivers/STM32F7xx_HAL_Driver/Src/stm32f7xx_hal_pwr_ex.c **** 
 400:Drivers/STM32F7xx_HAL_Driver/Src/stm32f7xx_hal_pwr_ex.c ****   /* Wait for UnderDrive mode is ready */
 401:Drivers/STM32F7xx_HAL_Driver/Src/stm32f7xx_hal_pwr_ex.c ****   while(__HAL_PWR_GET_FLAG(PWR_FLAG_UDRDY))
 665              		.loc 1 401 3 is_stmt 1 view .LVU149
 666              	.L64:
 667              		.loc 1 401 8 view .LVU150
 668              		.loc 1 401 9 is_stmt 0 view .LVU151
 669 0034 144B     		ldr	r3, .L73+4
 670 0036 5B68     		ldr	r3, [r3, #4]
 671 0038 03F44023 		and	r3, r3, #786432
 672              		.loc 1 401 8 view .LVU152
 673 003c B3F5402F 		cmp	r3, #786432
 674 0040 07D1     		bne	.L71
 402:Drivers/STM32F7xx_HAL_Driver/Src/stm32f7xx_hal_pwr_ex.c ****   {
 403:Drivers/STM32F7xx_HAL_Driver/Src/stm32f7xx_hal_pwr_ex.c ****     if((HAL_GetTick() - tickstart ) > PWR_UDERDRIVE_TIMEOUT_VALUE)
 675              		.loc 1 403 5 is_stmt 1 view .LVU153
ARM GAS  /tmp/ccmU1TOK.s 			page 20


 676              		.loc 1 403 9 is_stmt 0 view .LVU154
 677 0042 FFF7FEFF 		bl	HAL_GetTick
 678              	.LVL30:
 679              		.loc 1 403 23 view .LVU155
 680 0046 001B     		subs	r0, r0, r4
 681              		.loc 1 403 7 view .LVU156
 682 0048 B0F57A7F 		cmp	r0, #1000
 683 004c F2D9     		bls	.L64
 404:Drivers/STM32F7xx_HAL_Driver/Src/stm32f7xx_hal_pwr_ex.c ****     {
 405:Drivers/STM32F7xx_HAL_Driver/Src/stm32f7xx_hal_pwr_ex.c ****       return HAL_TIMEOUT;
 684              		.loc 1 405 14 view .LVU157
 685 004e 0320     		movs	r0, #3
 686 0050 13E0     		b	.L65
 687              	.L71:
 406:Drivers/STM32F7xx_HAL_Driver/Src/stm32f7xx_hal_pwr_ex.c ****     }
 407:Drivers/STM32F7xx_HAL_Driver/Src/stm32f7xx_hal_pwr_ex.c ****   }
 408:Drivers/STM32F7xx_HAL_Driver/Src/stm32f7xx_hal_pwr_ex.c ****   
 409:Drivers/STM32F7xx_HAL_Driver/Src/stm32f7xx_hal_pwr_ex.c ****   /* Select the regulator state in STOP mode ---------------------------------*/
 410:Drivers/STM32F7xx_HAL_Driver/Src/stm32f7xx_hal_pwr_ex.c ****   tempreg = PWR->CR1;
 688              		.loc 1 410 3 is_stmt 1 view .LVU158
 689              		.loc 1 410 11 is_stmt 0 view .LVU159
 690 0052 0D4A     		ldr	r2, .L73+4
 691 0054 1168     		ldr	r1, [r2]
 692              	.LVL31:
 411:Drivers/STM32F7xx_HAL_Driver/Src/stm32f7xx_hal_pwr_ex.c ****   /* Clear PDDS, LPDS, MRLUDS and LPLUDS bits */
 412:Drivers/STM32F7xx_HAL_Driver/Src/stm32f7xx_hal_pwr_ex.c ****   tempreg &= (uint32_t)~(PWR_CR1_PDDS | PWR_CR1_LPDS | PWR_CR1_LPUDS | PWR_CR1_MRUDS);
 693              		.loc 1 412 3 is_stmt 1 view .LVU160
 694              		.loc 1 412 11 is_stmt 0 view .LVU161
 695 0056 0D4B     		ldr	r3, .L73+8
 696 0058 0B40     		ands	r3, r3, r1
 697              	.LVL32:
 413:Drivers/STM32F7xx_HAL_Driver/Src/stm32f7xx_hal_pwr_ex.c ****   
 414:Drivers/STM32F7xx_HAL_Driver/Src/stm32f7xx_hal_pwr_ex.c ****   /* Set LPDS, MRLUDS and LPLUDS bits according to PWR_Regulator value */
 415:Drivers/STM32F7xx_HAL_Driver/Src/stm32f7xx_hal_pwr_ex.c ****   tempreg |= Regulator;
 698              		.loc 1 415 3 is_stmt 1 view .LVU162
 699              		.loc 1 415 11 is_stmt 0 view .LVU163
 700 005a 3343     		orrs	r3, r3, r6
 701              	.LVL33:
 416:Drivers/STM32F7xx_HAL_Driver/Src/stm32f7xx_hal_pwr_ex.c ****   
 417:Drivers/STM32F7xx_HAL_Driver/Src/stm32f7xx_hal_pwr_ex.c ****   /* Store the new value */
 418:Drivers/STM32F7xx_HAL_Driver/Src/stm32f7xx_hal_pwr_ex.c ****   PWR->CR1 = tempreg;
 702              		.loc 1 418 3 is_stmt 1 view .LVU164
 703              		.loc 1 418 12 is_stmt 0 view .LVU165
 704 005c 1360     		str	r3, [r2]
 419:Drivers/STM32F7xx_HAL_Driver/Src/stm32f7xx_hal_pwr_ex.c ****   
 420:Drivers/STM32F7xx_HAL_Driver/Src/stm32f7xx_hal_pwr_ex.c ****   /* Set SLEEPDEEP bit of Cortex System Control Register */
 421:Drivers/STM32F7xx_HAL_Driver/Src/stm32f7xx_hal_pwr_ex.c ****   SCB->SCR |= SCB_SCR_SLEEPDEEP_Msk;
 705              		.loc 1 421 3 is_stmt 1 view .LVU166
 706              		.loc 1 421 12 is_stmt 0 view .LVU167
 707 005e 0C4A     		ldr	r2, .L73+12
 708 0060 1369     		ldr	r3, [r2, #16]
 709              	.LVL34:
 710              		.loc 1 421 12 view .LVU168
 711 0062 43F00403 		orr	r3, r3, #4
 712 0066 1361     		str	r3, [r2, #16]
 713              	.LVL35:
 422:Drivers/STM32F7xx_HAL_Driver/Src/stm32f7xx_hal_pwr_ex.c ****   
ARM GAS  /tmp/ccmU1TOK.s 			page 21


 423:Drivers/STM32F7xx_HAL_Driver/Src/stm32f7xx_hal_pwr_ex.c ****   /* Select STOP mode entry --------------------------------------------------*/
 424:Drivers/STM32F7xx_HAL_Driver/Src/stm32f7xx_hal_pwr_ex.c ****   if(STOPEntry == PWR_SLEEPENTRY_WFI)
 714              		.loc 1 424 3 is_stmt 1 view .LVU169
 715              		.loc 1 424 5 is_stmt 0 view .LVU170
 716 0068 012D     		cmp	r5, #1
 717 006a 08D0     		beq	.L72
 425:Drivers/STM32F7xx_HAL_Driver/Src/stm32f7xx_hal_pwr_ex.c ****   {   
 426:Drivers/STM32F7xx_HAL_Driver/Src/stm32f7xx_hal_pwr_ex.c ****     /* Request Wait For Interrupt */
 427:Drivers/STM32F7xx_HAL_Driver/Src/stm32f7xx_hal_pwr_ex.c ****     __WFI();
 428:Drivers/STM32F7xx_HAL_Driver/Src/stm32f7xx_hal_pwr_ex.c ****   }
 429:Drivers/STM32F7xx_HAL_Driver/Src/stm32f7xx_hal_pwr_ex.c ****   else
 430:Drivers/STM32F7xx_HAL_Driver/Src/stm32f7xx_hal_pwr_ex.c ****   {
 431:Drivers/STM32F7xx_HAL_Driver/Src/stm32f7xx_hal_pwr_ex.c ****     /* Request Wait For Event */
 432:Drivers/STM32F7xx_HAL_Driver/Src/stm32f7xx_hal_pwr_ex.c ****     __WFE();
 718              		.loc 1 432 5 is_stmt 1 view .LVU171
 719              		.syntax unified
 720              	@ 432 "Drivers/STM32F7xx_HAL_Driver/Src/stm32f7xx_hal_pwr_ex.c" 1
 721 006c 20BF     		wfe
 722              	@ 0 "" 2
 723              		.thumb
 724              		.syntax unified
 725              	.L68:
 433:Drivers/STM32F7xx_HAL_Driver/Src/stm32f7xx_hal_pwr_ex.c ****   }
 434:Drivers/STM32F7xx_HAL_Driver/Src/stm32f7xx_hal_pwr_ex.c ****   /* Reset SLEEPDEEP bit of Cortex System Control Register */
 435:Drivers/STM32F7xx_HAL_Driver/Src/stm32f7xx_hal_pwr_ex.c ****   SCB->SCR &= (uint32_t)~((uint32_t)SCB_SCR_SLEEPDEEP_Msk);
 726              		.loc 1 435 3 view .LVU172
 727              		.loc 1 435 12 is_stmt 0 view .LVU173
 728 006e 084A     		ldr	r2, .L73+12
 729 0070 1369     		ldr	r3, [r2, #16]
 730 0072 23F00403 		bic	r3, r3, #4
 731 0076 1361     		str	r3, [r2, #16]
 436:Drivers/STM32F7xx_HAL_Driver/Src/stm32f7xx_hal_pwr_ex.c **** 
 437:Drivers/STM32F7xx_HAL_Driver/Src/stm32f7xx_hal_pwr_ex.c ****   return HAL_OK;  
 732              		.loc 1 437 3 is_stmt 1 view .LVU174
 733              		.loc 1 437 10 is_stmt 0 view .LVU175
 734 0078 0020     		movs	r0, #0
 735              	.LVL36:
 736              	.L65:
 438:Drivers/STM32F7xx_HAL_Driver/Src/stm32f7xx_hal_pwr_ex.c **** }
 737              		.loc 1 438 1 view .LVU176
 738 007a 02B0     		add	sp, sp, #8
 739              	.LCFI12:
 740              		.cfi_remember_state
 741              		.cfi_def_cfa_offset 16
 742              		@ sp needed
 743 007c 70BD     		pop	{r4, r5, r6, pc}
 744              	.LVL37:
 745              	.L72:
 746              	.LCFI13:
 747              		.cfi_restore_state
 427:Drivers/STM32F7xx_HAL_Driver/Src/stm32f7xx_hal_pwr_ex.c ****   }
 748              		.loc 1 427 5 is_stmt 1 view .LVU177
 749              		.syntax unified
 750              	@ 427 "Drivers/STM32F7xx_HAL_Driver/Src/stm32f7xx_hal_pwr_ex.c" 1
 751 007e 30BF     		wfi
 752              	@ 0 "" 2
 753              		.thumb
ARM GAS  /tmp/ccmU1TOK.s 			page 22


 754              		.syntax unified
 755 0080 F5E7     		b	.L68
 756              	.L74:
 757 0082 00BF     		.align	2
 758              	.L73:
 759 0084 00380240 		.word	1073887232
 760 0088 00700040 		.word	1073770496
 761 008c FCF3FFFF 		.word	-3076
 762 0090 00ED00E0 		.word	-536810240
 763              		.cfi_endproc
 764              	.LFE151:
 766              		.section	.text.HAL_PWREx_GetVoltageRange,"ax",%progbits
 767              		.align	1
 768              		.global	HAL_PWREx_GetVoltageRange
 769              		.syntax unified
 770              		.thumb
 771              		.thumb_func
 772              		.fpu fpv5-d16
 774              	HAL_PWREx_GetVoltageRange:
 775              	.LFB152:
 439:Drivers/STM32F7xx_HAL_Driver/Src/stm32f7xx_hal_pwr_ex.c **** 
 440:Drivers/STM32F7xx_HAL_Driver/Src/stm32f7xx_hal_pwr_ex.c **** /**
 441:Drivers/STM32F7xx_HAL_Driver/Src/stm32f7xx_hal_pwr_ex.c ****   * @brief Returns Voltage Scaling Range.
 442:Drivers/STM32F7xx_HAL_Driver/Src/stm32f7xx_hal_pwr_ex.c ****   * @retval VOS bit field (PWR_REGULATOR_VOLTAGE_SCALE1, PWR_REGULATOR_VOLTAGE_SCALE2 or 
 443:Drivers/STM32F7xx_HAL_Driver/Src/stm32f7xx_hal_pwr_ex.c ****   *            PWR_REGULATOR_VOLTAGE_SCALE3)PWR_REGULATOR_VOLTAGE_SCALE1
 444:Drivers/STM32F7xx_HAL_Driver/Src/stm32f7xx_hal_pwr_ex.c ****   */  
 445:Drivers/STM32F7xx_HAL_Driver/Src/stm32f7xx_hal_pwr_ex.c **** uint32_t HAL_PWREx_GetVoltageRange(void)
 446:Drivers/STM32F7xx_HAL_Driver/Src/stm32f7xx_hal_pwr_ex.c **** {
 776              		.loc 1 446 1 view -0
 777              		.cfi_startproc
 778              		@ args = 0, pretend = 0, frame = 0
 779              		@ frame_needed = 0, uses_anonymous_args = 0
 780              		@ link register save eliminated.
 447:Drivers/STM32F7xx_HAL_Driver/Src/stm32f7xx_hal_pwr_ex.c ****   return  (PWR->CR1 & PWR_CR1_VOS);
 781              		.loc 1 447 3 view .LVU179
 782              		.loc 1 447 15 is_stmt 0 view .LVU180
 783 0000 024B     		ldr	r3, .L76
 784 0002 1868     		ldr	r0, [r3]
 448:Drivers/STM32F7xx_HAL_Driver/Src/stm32f7xx_hal_pwr_ex.c **** }
 785              		.loc 1 448 1 view .LVU181
 786 0004 00F44040 		and	r0, r0, #49152
 787 0008 7047     		bx	lr
 788              	.L77:
 789 000a 00BF     		.align	2
 790              	.L76:
 791 000c 00700040 		.word	1073770496
 792              		.cfi_endproc
 793              	.LFE152:
 795              		.section	.text.HAL_PWREx_ControlVoltageScaling,"ax",%progbits
 796              		.align	1
 797              		.global	HAL_PWREx_ControlVoltageScaling
 798              		.syntax unified
 799              		.thumb
 800              		.thumb_func
 801              		.fpu fpv5-d16
 803              	HAL_PWREx_ControlVoltageScaling:
 804              	.LVL38:
ARM GAS  /tmp/ccmU1TOK.s 			page 23


 805              	.LFB153:
 449:Drivers/STM32F7xx_HAL_Driver/Src/stm32f7xx_hal_pwr_ex.c **** 
 450:Drivers/STM32F7xx_HAL_Driver/Src/stm32f7xx_hal_pwr_ex.c **** /**
 451:Drivers/STM32F7xx_HAL_Driver/Src/stm32f7xx_hal_pwr_ex.c ****   * @brief Configures the main internal regulator output voltage.
 452:Drivers/STM32F7xx_HAL_Driver/Src/stm32f7xx_hal_pwr_ex.c ****   * @param  VoltageScaling specifies the regulator output voltage to achieve
 453:Drivers/STM32F7xx_HAL_Driver/Src/stm32f7xx_hal_pwr_ex.c ****   *         a tradeoff between performance and power consumption.
 454:Drivers/STM32F7xx_HAL_Driver/Src/stm32f7xx_hal_pwr_ex.c ****   *          This parameter can be one of the following values:
 455:Drivers/STM32F7xx_HAL_Driver/Src/stm32f7xx_hal_pwr_ex.c ****   *            @arg PWR_REGULATOR_VOLTAGE_SCALE1: Regulator voltage output range 1 mode,
 456:Drivers/STM32F7xx_HAL_Driver/Src/stm32f7xx_hal_pwr_ex.c ****   *                                                typical output voltage at 1.4 V,  
 457:Drivers/STM32F7xx_HAL_Driver/Src/stm32f7xx_hal_pwr_ex.c ****   *                                                system frequency up to 216 MHz.
 458:Drivers/STM32F7xx_HAL_Driver/Src/stm32f7xx_hal_pwr_ex.c ****   *            @arg PWR_REGULATOR_VOLTAGE_SCALE2: Regulator voltage output range 2 mode,
 459:Drivers/STM32F7xx_HAL_Driver/Src/stm32f7xx_hal_pwr_ex.c ****   *                                                typical output voltage at 1.2 V,                
 460:Drivers/STM32F7xx_HAL_Driver/Src/stm32f7xx_hal_pwr_ex.c ****   *                                                system frequency up to 180 MHz.
 461:Drivers/STM32F7xx_HAL_Driver/Src/stm32f7xx_hal_pwr_ex.c ****   *            @arg PWR_REGULATOR_VOLTAGE_SCALE3: Regulator voltage output range 2 mode,
 462:Drivers/STM32F7xx_HAL_Driver/Src/stm32f7xx_hal_pwr_ex.c ****   *                                                typical output voltage at 1.00 V,               
 463:Drivers/STM32F7xx_HAL_Driver/Src/stm32f7xx_hal_pwr_ex.c ****   *                                                system frequency up to 151 MHz.
 464:Drivers/STM32F7xx_HAL_Driver/Src/stm32f7xx_hal_pwr_ex.c ****   * @note To update the system clock frequency(SYSCLK):
 465:Drivers/STM32F7xx_HAL_Driver/Src/stm32f7xx_hal_pwr_ex.c ****   *        - Set the HSI or HSE as system clock frequency using the HAL_RCC_ClockConfig().
 466:Drivers/STM32F7xx_HAL_Driver/Src/stm32f7xx_hal_pwr_ex.c ****   *        - Call the HAL_RCC_OscConfig() to configure the PLL.
 467:Drivers/STM32F7xx_HAL_Driver/Src/stm32f7xx_hal_pwr_ex.c ****   *        - Call HAL_PWREx_ConfigVoltageScaling() API to adjust the voltage scale.
 468:Drivers/STM32F7xx_HAL_Driver/Src/stm32f7xx_hal_pwr_ex.c ****   *        - Set the new system clock frequency using the HAL_RCC_ClockConfig().
 469:Drivers/STM32F7xx_HAL_Driver/Src/stm32f7xx_hal_pwr_ex.c ****   * @note The scale can be modified only when the HSI or HSE clock source is selected 
 470:Drivers/STM32F7xx_HAL_Driver/Src/stm32f7xx_hal_pwr_ex.c ****   *        as system clock source, otherwise the API returns HAL_ERROR.  
 471:Drivers/STM32F7xx_HAL_Driver/Src/stm32f7xx_hal_pwr_ex.c ****   * @note When the PLL is OFF, the voltage scale 3 is automatically selected and the VOS bits
 472:Drivers/STM32F7xx_HAL_Driver/Src/stm32f7xx_hal_pwr_ex.c ****   *       value in the PWR_CR1 register are not taken in account.
 473:Drivers/STM32F7xx_HAL_Driver/Src/stm32f7xx_hal_pwr_ex.c ****   * @note This API forces the PLL state ON to allow the possibility to configure the voltage scale 
 474:Drivers/STM32F7xx_HAL_Driver/Src/stm32f7xx_hal_pwr_ex.c ****   * @note The new voltage scale is active only when the PLL is ON.  
 475:Drivers/STM32F7xx_HAL_Driver/Src/stm32f7xx_hal_pwr_ex.c ****   * @retval HAL Status
 476:Drivers/STM32F7xx_HAL_Driver/Src/stm32f7xx_hal_pwr_ex.c ****   */
 477:Drivers/STM32F7xx_HAL_Driver/Src/stm32f7xx_hal_pwr_ex.c **** HAL_StatusTypeDef HAL_PWREx_ControlVoltageScaling(uint32_t VoltageScaling)
 478:Drivers/STM32F7xx_HAL_Driver/Src/stm32f7xx_hal_pwr_ex.c **** {
 806              		.loc 1 478 1 is_stmt 1 view -0
 807              		.cfi_startproc
 808              		@ args = 0, pretend = 0, frame = 8
 809              		@ frame_needed = 0, uses_anonymous_args = 0
 810              		.loc 1 478 1 is_stmt 0 view .LVU183
 811 0000 30B5     		push	{r4, r5, lr}
 812              	.LCFI14:
 813              		.cfi_def_cfa_offset 12
 814              		.cfi_offset 4, -12
 815              		.cfi_offset 5, -8
 816              		.cfi_offset 14, -4
 817 0002 83B0     		sub	sp, sp, #12
 818              	.LCFI15:
 819              		.cfi_def_cfa_offset 24
 479:Drivers/STM32F7xx_HAL_Driver/Src/stm32f7xx_hal_pwr_ex.c ****   uint32_t tickstart = 0;
 820              		.loc 1 479 3 is_stmt 1 view .LVU184
 821              	.LVL39:
 480:Drivers/STM32F7xx_HAL_Driver/Src/stm32f7xx_hal_pwr_ex.c **** 
 481:Drivers/STM32F7xx_HAL_Driver/Src/stm32f7xx_hal_pwr_ex.c ****   assert_param(IS_PWR_REGULATOR_VOLTAGE(VoltageScaling));
 822              		.loc 1 481 3 view .LVU185
 482:Drivers/STM32F7xx_HAL_Driver/Src/stm32f7xx_hal_pwr_ex.c **** 
 483:Drivers/STM32F7xx_HAL_Driver/Src/stm32f7xx_hal_pwr_ex.c ****   /* Enable Power ctrl clock */
 484:Drivers/STM32F7xx_HAL_Driver/Src/stm32f7xx_hal_pwr_ex.c ****   __HAL_RCC_PWR_CLK_ENABLE();
 823              		.loc 1 484 3 view .LVU186
 824              	.LBB5:
 825              		.loc 1 484 3 view .LVU187
ARM GAS  /tmp/ccmU1TOK.s 			page 24


 826              		.loc 1 484 3 view .LVU188
 827 0004 2C4B     		ldr	r3, .L94
 828 0006 1A6C     		ldr	r2, [r3, #64]
 829 0008 42F08052 		orr	r2, r2, #268435456
 830 000c 1A64     		str	r2, [r3, #64]
 831              		.loc 1 484 3 view .LVU189
 832 000e 1A6C     		ldr	r2, [r3, #64]
 833 0010 02F08052 		and	r2, r2, #268435456
 834 0014 0092     		str	r2, [sp]
 835              		.loc 1 484 3 view .LVU190
 836 0016 009A     		ldr	r2, [sp]
 837              	.LBE5:
 838              		.loc 1 484 3 view .LVU191
 485:Drivers/STM32F7xx_HAL_Driver/Src/stm32f7xx_hal_pwr_ex.c **** 
 486:Drivers/STM32F7xx_HAL_Driver/Src/stm32f7xx_hal_pwr_ex.c ****   /* Check if the PLL is used as system clock or not */
 487:Drivers/STM32F7xx_HAL_Driver/Src/stm32f7xx_hal_pwr_ex.c ****   if(__HAL_RCC_GET_SYSCLK_SOURCE() != RCC_CFGR_SWS_PLL)
 839              		.loc 1 487 3 view .LVU192
 840              		.loc 1 487 6 is_stmt 0 view .LVU193
 841 0018 9B68     		ldr	r3, [r3, #8]
 842 001a 03F00C03 		and	r3, r3, #12
 843              		.loc 1 487 5 view .LVU194
 844 001e 082B     		cmp	r3, #8
 845 0020 46D0     		beq	.L86
 846 0022 0546     		mov	r5, r0
 488:Drivers/STM32F7xx_HAL_Driver/Src/stm32f7xx_hal_pwr_ex.c ****   {
 489:Drivers/STM32F7xx_HAL_Driver/Src/stm32f7xx_hal_pwr_ex.c ****     /* Disable the main PLL */
 490:Drivers/STM32F7xx_HAL_Driver/Src/stm32f7xx_hal_pwr_ex.c ****     __HAL_RCC_PLL_DISABLE();
 847              		.loc 1 490 5 is_stmt 1 view .LVU195
 848 0024 244A     		ldr	r2, .L94
 849 0026 1368     		ldr	r3, [r2]
 850 0028 23F08073 		bic	r3, r3, #16777216
 851 002c 1360     		str	r3, [r2]
 491:Drivers/STM32F7xx_HAL_Driver/Src/stm32f7xx_hal_pwr_ex.c ****     
 492:Drivers/STM32F7xx_HAL_Driver/Src/stm32f7xx_hal_pwr_ex.c ****     /* Get Start Tick */
 493:Drivers/STM32F7xx_HAL_Driver/Src/stm32f7xx_hal_pwr_ex.c ****     tickstart = HAL_GetTick();    
 852              		.loc 1 493 5 view .LVU196
 853              		.loc 1 493 17 is_stmt 0 view .LVU197
 854 002e FFF7FEFF 		bl	HAL_GetTick
 855              	.LVL40:
 856              		.loc 1 493 17 view .LVU198
 857 0032 0446     		mov	r4, r0
 858              	.LVL41:
 494:Drivers/STM32F7xx_HAL_Driver/Src/stm32f7xx_hal_pwr_ex.c ****     /* Wait till PLL is disabled */  
 495:Drivers/STM32F7xx_HAL_Driver/Src/stm32f7xx_hal_pwr_ex.c ****     while(__HAL_RCC_GET_FLAG(RCC_FLAG_PLLRDY) != RESET)
 859              		.loc 1 495 5 is_stmt 1 view .LVU199
 860              	.L80:
 861              		.loc 1 495 10 view .LVU200
 862              		.loc 1 495 11 is_stmt 0 view .LVU201
 863 0034 204B     		ldr	r3, .L94
 864 0036 1B68     		ldr	r3, [r3]
 865              		.loc 1 495 10 view .LVU202
 866 0038 13F0007F 		tst	r3, #33554432
 867 003c 06D0     		beq	.L91
 496:Drivers/STM32F7xx_HAL_Driver/Src/stm32f7xx_hal_pwr_ex.c ****     {
 497:Drivers/STM32F7xx_HAL_Driver/Src/stm32f7xx_hal_pwr_ex.c ****       if((HAL_GetTick() - tickstart ) > PLL_TIMEOUT_VALUE)
 868              		.loc 1 497 7 is_stmt 1 view .LVU203
 869              		.loc 1 497 11 is_stmt 0 view .LVU204
ARM GAS  /tmp/ccmU1TOK.s 			page 25


 870 003e FFF7FEFF 		bl	HAL_GetTick
 871              	.LVL42:
 872              		.loc 1 497 25 view .LVU205
 873 0042 031B     		subs	r3, r0, r4
 874              		.loc 1 497 9 view .LVU206
 875 0044 022B     		cmp	r3, #2
 876 0046 F5D9     		bls	.L80
 498:Drivers/STM32F7xx_HAL_Driver/Src/stm32f7xx_hal_pwr_ex.c ****       {
 499:Drivers/STM32F7xx_HAL_Driver/Src/stm32f7xx_hal_pwr_ex.c ****         return HAL_TIMEOUT;
 877              		.loc 1 499 16 view .LVU207
 878 0048 0320     		movs	r0, #3
 879 004a 32E0     		b	.L79
 880              	.L91:
 500:Drivers/STM32F7xx_HAL_Driver/Src/stm32f7xx_hal_pwr_ex.c ****       }
 501:Drivers/STM32F7xx_HAL_Driver/Src/stm32f7xx_hal_pwr_ex.c ****     }
 502:Drivers/STM32F7xx_HAL_Driver/Src/stm32f7xx_hal_pwr_ex.c ****     
 503:Drivers/STM32F7xx_HAL_Driver/Src/stm32f7xx_hal_pwr_ex.c ****     /* Set Range */
 504:Drivers/STM32F7xx_HAL_Driver/Src/stm32f7xx_hal_pwr_ex.c ****     __HAL_PWR_VOLTAGESCALING_CONFIG(VoltageScaling);
 881              		.loc 1 504 5 is_stmt 1 view .LVU208
 882              	.LBB6:
 883              		.loc 1 504 5 view .LVU209
 884              		.loc 1 504 5 view .LVU210
 885 004c 1B4A     		ldr	r2, .L94+4
 886 004e 1368     		ldr	r3, [r2]
 887 0050 23F44043 		bic	r3, r3, #49152
 888 0054 1D43     		orrs	r5, r5, r3
 889              	.LVL43:
 890              		.loc 1 504 5 is_stmt 0 view .LVU211
 891 0056 1560     		str	r5, [r2]
 892              		.loc 1 504 5 is_stmt 1 view .LVU212
 893 0058 1368     		ldr	r3, [r2]
 894 005a 03F44043 		and	r3, r3, #49152
 895 005e 0193     		str	r3, [sp, #4]
 896              		.loc 1 504 5 view .LVU213
 897 0060 019B     		ldr	r3, [sp, #4]
 898              	.LBE6:
 899              		.loc 1 504 5 view .LVU214
 505:Drivers/STM32F7xx_HAL_Driver/Src/stm32f7xx_hal_pwr_ex.c ****     
 506:Drivers/STM32F7xx_HAL_Driver/Src/stm32f7xx_hal_pwr_ex.c ****     /* Enable the main PLL */
 507:Drivers/STM32F7xx_HAL_Driver/Src/stm32f7xx_hal_pwr_ex.c ****     __HAL_RCC_PLL_ENABLE();
 900              		.loc 1 507 5 view .LVU215
 901 0062 02F5E432 		add	r2, r2, #116736
 902 0066 1368     		ldr	r3, [r2]
 903 0068 43F08073 		orr	r3, r3, #16777216
 904 006c 1360     		str	r3, [r2]
 508:Drivers/STM32F7xx_HAL_Driver/Src/stm32f7xx_hal_pwr_ex.c ****     
 509:Drivers/STM32F7xx_HAL_Driver/Src/stm32f7xx_hal_pwr_ex.c ****     /* Get Start Tick */
 510:Drivers/STM32F7xx_HAL_Driver/Src/stm32f7xx_hal_pwr_ex.c ****     tickstart = HAL_GetTick();
 905              		.loc 1 510 5 view .LVU216
 906              		.loc 1 510 17 is_stmt 0 view .LVU217
 907 006e FFF7FEFF 		bl	HAL_GetTick
 908              	.LVL44:
 909 0072 0446     		mov	r4, r0
 910              	.LVL45:
 511:Drivers/STM32F7xx_HAL_Driver/Src/stm32f7xx_hal_pwr_ex.c ****     /* Wait till PLL is ready */  
 512:Drivers/STM32F7xx_HAL_Driver/Src/stm32f7xx_hal_pwr_ex.c ****     while(__HAL_RCC_GET_FLAG(RCC_FLAG_PLLRDY) == RESET)
 911              		.loc 1 512 5 is_stmt 1 view .LVU218
ARM GAS  /tmp/ccmU1TOK.s 			page 26


 912              	.L82:
 913              		.loc 1 512 10 view .LVU219
 914              		.loc 1 512 11 is_stmt 0 view .LVU220
 915 0074 104B     		ldr	r3, .L94
 916 0076 1B68     		ldr	r3, [r3]
 917              		.loc 1 512 10 view .LVU221
 918 0078 13F0007F 		tst	r3, #33554432
 919 007c 06D1     		bne	.L92
 513:Drivers/STM32F7xx_HAL_Driver/Src/stm32f7xx_hal_pwr_ex.c ****     {
 514:Drivers/STM32F7xx_HAL_Driver/Src/stm32f7xx_hal_pwr_ex.c ****       if((HAL_GetTick() - tickstart ) > PLL_TIMEOUT_VALUE)
 920              		.loc 1 514 7 is_stmt 1 view .LVU222
 921              		.loc 1 514 11 is_stmt 0 view .LVU223
 922 007e FFF7FEFF 		bl	HAL_GetTick
 923              	.LVL46:
 924              		.loc 1 514 25 view .LVU224
 925 0082 001B     		subs	r0, r0, r4
 926              		.loc 1 514 9 view .LVU225
 927 0084 0228     		cmp	r0, #2
 928 0086 F5D9     		bls	.L82
 515:Drivers/STM32F7xx_HAL_Driver/Src/stm32f7xx_hal_pwr_ex.c ****       {
 516:Drivers/STM32F7xx_HAL_Driver/Src/stm32f7xx_hal_pwr_ex.c ****         return HAL_TIMEOUT;
 929              		.loc 1 516 16 view .LVU226
 930 0088 0320     		movs	r0, #3
 931 008a 12E0     		b	.L79
 932              	.L92:
 517:Drivers/STM32F7xx_HAL_Driver/Src/stm32f7xx_hal_pwr_ex.c ****       } 
 518:Drivers/STM32F7xx_HAL_Driver/Src/stm32f7xx_hal_pwr_ex.c ****     }
 519:Drivers/STM32F7xx_HAL_Driver/Src/stm32f7xx_hal_pwr_ex.c ****     
 520:Drivers/STM32F7xx_HAL_Driver/Src/stm32f7xx_hal_pwr_ex.c ****     /* Get Start Tick */
 521:Drivers/STM32F7xx_HAL_Driver/Src/stm32f7xx_hal_pwr_ex.c ****     tickstart = HAL_GetTick();
 933              		.loc 1 521 5 is_stmt 1 view .LVU227
 934              		.loc 1 521 17 is_stmt 0 view .LVU228
 935 008c FFF7FEFF 		bl	HAL_GetTick
 936              	.LVL47:
 937 0090 0446     		mov	r4, r0
 938              	.LVL48:
 522:Drivers/STM32F7xx_HAL_Driver/Src/stm32f7xx_hal_pwr_ex.c ****     while((__HAL_PWR_GET_FLAG(PWR_FLAG_VOSRDY) == RESET))
 939              		.loc 1 522 5 is_stmt 1 view .LVU229
 940              	.L84:
 941              		.loc 1 522 10 view .LVU230
 942              		.loc 1 522 12 is_stmt 0 view .LVU231
 943 0092 0A4B     		ldr	r3, .L94+4
 944 0094 5B68     		ldr	r3, [r3, #4]
 945              		.loc 1 522 10 view .LVU232
 946 0096 13F4804F 		tst	r3, #16384
 947 009a 07D1     		bne	.L93
 523:Drivers/STM32F7xx_HAL_Driver/Src/stm32f7xx_hal_pwr_ex.c ****     {
 524:Drivers/STM32F7xx_HAL_Driver/Src/stm32f7xx_hal_pwr_ex.c ****       if((HAL_GetTick() - tickstart ) > PWR_VOSRDY_TIMEOUT_VALUE)
 948              		.loc 1 524 7 is_stmt 1 view .LVU233
 949              		.loc 1 524 11 is_stmt 0 view .LVU234
 950 009c FFF7FEFF 		bl	HAL_GetTick
 951              	.LVL49:
 952              		.loc 1 524 25 view .LVU235
 953 00a0 001B     		subs	r0, r0, r4
 954              		.loc 1 524 9 view .LVU236
 955 00a2 B0F57A7F 		cmp	r0, #1000
 956 00a6 F4D9     		bls	.L84
ARM GAS  /tmp/ccmU1TOK.s 			page 27


 525:Drivers/STM32F7xx_HAL_Driver/Src/stm32f7xx_hal_pwr_ex.c ****       {
 526:Drivers/STM32F7xx_HAL_Driver/Src/stm32f7xx_hal_pwr_ex.c ****         return HAL_TIMEOUT;
 957              		.loc 1 526 16 view .LVU237
 958 00a8 0320     		movs	r0, #3
 959 00aa 02E0     		b	.L79
 960              	.L93:
 527:Drivers/STM32F7xx_HAL_Driver/Src/stm32f7xx_hal_pwr_ex.c ****       } 
 528:Drivers/STM32F7xx_HAL_Driver/Src/stm32f7xx_hal_pwr_ex.c ****     }
 529:Drivers/STM32F7xx_HAL_Driver/Src/stm32f7xx_hal_pwr_ex.c ****   }
 530:Drivers/STM32F7xx_HAL_Driver/Src/stm32f7xx_hal_pwr_ex.c ****   else
 531:Drivers/STM32F7xx_HAL_Driver/Src/stm32f7xx_hal_pwr_ex.c ****   {
 532:Drivers/STM32F7xx_HAL_Driver/Src/stm32f7xx_hal_pwr_ex.c ****     return HAL_ERROR;
 533:Drivers/STM32F7xx_HAL_Driver/Src/stm32f7xx_hal_pwr_ex.c ****   }
 534:Drivers/STM32F7xx_HAL_Driver/Src/stm32f7xx_hal_pwr_ex.c ****   return HAL_OK;
 961              		.loc 1 534 10 view .LVU238
 962 00ac 0020     		movs	r0, #0
 963 00ae 00E0     		b	.L79
 964              	.LVL50:
 965              	.L86:
 532:Drivers/STM32F7xx_HAL_Driver/Src/stm32f7xx_hal_pwr_ex.c ****   }
 966              		.loc 1 532 12 view .LVU239
 967 00b0 0120     		movs	r0, #1
 968              	.LVL51:
 969              	.L79:
 535:Drivers/STM32F7xx_HAL_Driver/Src/stm32f7xx_hal_pwr_ex.c **** }
 970              		.loc 1 535 1 view .LVU240
 971 00b2 03B0     		add	sp, sp, #12
 972              	.LCFI16:
 973              		.cfi_def_cfa_offset 12
 974              		@ sp needed
 975 00b4 30BD     		pop	{r4, r5, pc}
 976              	.L95:
 977 00b6 00BF     		.align	2
 978              	.L94:
 979 00b8 00380240 		.word	1073887232
 980 00bc 00700040 		.word	1073770496
 981              		.cfi_endproc
 982              	.LFE153:
 984              		.text
 985              	.Letext0:
 986              		.file 2 "/home/wayne/download/gcc-arm-none-eabi/gcc-arm-none-eabi-10-2020-q4-major/arm-none-eabi/i
 987              		.file 3 "/home/wayne/download/gcc-arm-none-eabi/gcc-arm-none-eabi-10-2020-q4-major/arm-none-eabi/i
 988              		.file 4 "Drivers/CMSIS/Include/core_cm7.h"
 989              		.file 5 "Drivers/CMSIS/Device/ST/STM32F7xx/Include/stm32f767xx.h"
 990              		.file 6 "Drivers/CMSIS/Device/ST/STM32F7xx/Include/stm32f7xx.h"
 991              		.file 7 "Drivers/STM32F7xx_HAL_Driver/Inc/stm32f7xx_hal_def.h"
 992              		.file 8 "Drivers/STM32F7xx_HAL_Driver/Inc/stm32f7xx_hal.h"
ARM GAS  /tmp/ccmU1TOK.s 			page 28


DEFINED SYMBOLS
                            *ABS*:0000000000000000 stm32f7xx_hal_pwr_ex.c
     /tmp/ccmU1TOK.s:17     .text.HAL_PWREx_EnableBkUpReg:0000000000000000 $t
     /tmp/ccmU1TOK.s:25     .text.HAL_PWREx_EnableBkUpReg:0000000000000000 HAL_PWREx_EnableBkUpReg
     /tmp/ccmU1TOK.s:88     .text.HAL_PWREx_EnableBkUpReg:0000000000000038 $d
     /tmp/ccmU1TOK.s:93     .text.HAL_PWREx_DisableBkUpReg:0000000000000000 $t
     /tmp/ccmU1TOK.s:100    .text.HAL_PWREx_DisableBkUpReg:0000000000000000 HAL_PWREx_DisableBkUpReg
     /tmp/ccmU1TOK.s:162    .text.HAL_PWREx_DisableBkUpReg:0000000000000038 $d
     /tmp/ccmU1TOK.s:167    .text.HAL_PWREx_EnableFlashPowerDown:0000000000000000 $t
     /tmp/ccmU1TOK.s:174    .text.HAL_PWREx_EnableFlashPowerDown:0000000000000000 HAL_PWREx_EnableFlashPowerDown
     /tmp/ccmU1TOK.s:192    .text.HAL_PWREx_EnableFlashPowerDown:000000000000000c $d
     /tmp/ccmU1TOK.s:197    .text.HAL_PWREx_DisableFlashPowerDown:0000000000000000 $t
     /tmp/ccmU1TOK.s:204    .text.HAL_PWREx_DisableFlashPowerDown:0000000000000000 HAL_PWREx_DisableFlashPowerDown
     /tmp/ccmU1TOK.s:222    .text.HAL_PWREx_DisableFlashPowerDown:000000000000000c $d
     /tmp/ccmU1TOK.s:227    .text.HAL_PWREx_EnableMainRegulatorLowVoltage:0000000000000000 $t
     /tmp/ccmU1TOK.s:234    .text.HAL_PWREx_EnableMainRegulatorLowVoltage:0000000000000000 HAL_PWREx_EnableMainRegulatorLowVoltage
     /tmp/ccmU1TOK.s:252    .text.HAL_PWREx_EnableMainRegulatorLowVoltage:000000000000000c $d
     /tmp/ccmU1TOK.s:257    .text.HAL_PWREx_DisableMainRegulatorLowVoltage:0000000000000000 $t
     /tmp/ccmU1TOK.s:264    .text.HAL_PWREx_DisableMainRegulatorLowVoltage:0000000000000000 HAL_PWREx_DisableMainRegulatorLowVoltage
     /tmp/ccmU1TOK.s:282    .text.HAL_PWREx_DisableMainRegulatorLowVoltage:000000000000000c $d
     /tmp/ccmU1TOK.s:287    .text.HAL_PWREx_EnableLowRegulatorLowVoltage:0000000000000000 $t
     /tmp/ccmU1TOK.s:294    .text.HAL_PWREx_EnableLowRegulatorLowVoltage:0000000000000000 HAL_PWREx_EnableLowRegulatorLowVoltage
     /tmp/ccmU1TOK.s:312    .text.HAL_PWREx_EnableLowRegulatorLowVoltage:000000000000000c $d
     /tmp/ccmU1TOK.s:317    .text.HAL_PWREx_DisableLowRegulatorLowVoltage:0000000000000000 $t
     /tmp/ccmU1TOK.s:324    .text.HAL_PWREx_DisableLowRegulatorLowVoltage:0000000000000000 HAL_PWREx_DisableLowRegulatorLowVoltage
     /tmp/ccmU1TOK.s:342    .text.HAL_PWREx_DisableLowRegulatorLowVoltage:000000000000000c $d
     /tmp/ccmU1TOK.s:347    .text.HAL_PWREx_EnableOverDrive:0000000000000000 $t
     /tmp/ccmU1TOK.s:354    .text.HAL_PWREx_EnableOverDrive:0000000000000000 HAL_PWREx_EnableOverDrive
     /tmp/ccmU1TOK.s:468    .text.HAL_PWREx_EnableOverDrive:0000000000000074 $d
     /tmp/ccmU1TOK.s:474    .text.HAL_PWREx_DisableOverDrive:0000000000000000 $t
     /tmp/ccmU1TOK.s:481    .text.HAL_PWREx_DisableOverDrive:0000000000000000 HAL_PWREx_DisableOverDrive
     /tmp/ccmU1TOK.s:595    .text.HAL_PWREx_DisableOverDrive:0000000000000074 $d
     /tmp/ccmU1TOK.s:601    .text.HAL_PWREx_EnterUnderDriveSTOPMode:0000000000000000 $t
     /tmp/ccmU1TOK.s:608    .text.HAL_PWREx_EnterUnderDriveSTOPMode:0000000000000000 HAL_PWREx_EnterUnderDriveSTOPMode
     /tmp/ccmU1TOK.s:759    .text.HAL_PWREx_EnterUnderDriveSTOPMode:0000000000000084 $d
     /tmp/ccmU1TOK.s:767    .text.HAL_PWREx_GetVoltageRange:0000000000000000 $t
     /tmp/ccmU1TOK.s:774    .text.HAL_PWREx_GetVoltageRange:0000000000000000 HAL_PWREx_GetVoltageRange
     /tmp/ccmU1TOK.s:791    .text.HAL_PWREx_GetVoltageRange:000000000000000c $d
     /tmp/ccmU1TOK.s:796    .text.HAL_PWREx_ControlVoltageScaling:0000000000000000 $t
     /tmp/ccmU1TOK.s:803    .text.HAL_PWREx_ControlVoltageScaling:0000000000000000 HAL_PWREx_ControlVoltageScaling
     /tmp/ccmU1TOK.s:979    .text.HAL_PWREx_ControlVoltageScaling:00000000000000b8 $d

UNDEFINED SYMBOLS
HAL_GetTick
