ARM GAS  /tmp/ccCSlQjz.s 			page 1


   1              		.cpu cortex-m7
   2              		.eabi_attribute 28, 1
   3              		.eabi_attribute 20, 1
   4              		.eabi_attribute 21, 1
   5              		.eabi_attribute 23, 3
   6              		.eabi_attribute 24, 1
   7              		.eabi_attribute 25, 1
   8              		.eabi_attribute 26, 1
   9              		.eabi_attribute 30, 1
  10              		.eabi_attribute 34, 1
  11              		.eabi_attribute 18, 4
  12              		.file	"stm32f7xx_hal_pcd_ex.c"
  13              		.text
  14              	.Ltext0:
  15              		.cfi_sections	.debug_frame
  16              		.section	.text.HAL_PCDEx_SetTxFiFo,"ax",%progbits
  17              		.align	1
  18              		.global	HAL_PCDEx_SetTxFiFo
  19              		.arch armv7e-m
  20              		.syntax unified
  21              		.thumb
  22              		.thumb_func
  23              		.fpu fpv5-d16
  25              	HAL_PCDEx_SetTxFiFo:
  26              	.LVL0:
  27              	.LFB141:
  28              		.file 1 "Drivers/STM32F7xx_HAL_Driver/Src/stm32f7xx_hal_pcd_ex.c"
   1:Drivers/STM32F7xx_HAL_Driver/Src/stm32f7xx_hal_pcd_ex.c **** /**
   2:Drivers/STM32F7xx_HAL_Driver/Src/stm32f7xx_hal_pcd_ex.c ****   ******************************************************************************
   3:Drivers/STM32F7xx_HAL_Driver/Src/stm32f7xx_hal_pcd_ex.c ****   * @file    stm32f7xx_hal_pcd_ex.c
   4:Drivers/STM32F7xx_HAL_Driver/Src/stm32f7xx_hal_pcd_ex.c ****   * @author  MCD Application Team
   5:Drivers/STM32F7xx_HAL_Driver/Src/stm32f7xx_hal_pcd_ex.c ****   * @brief   PCD Extended HAL module driver.
   6:Drivers/STM32F7xx_HAL_Driver/Src/stm32f7xx_hal_pcd_ex.c ****   *          This file provides firmware functions to manage the following
   7:Drivers/STM32F7xx_HAL_Driver/Src/stm32f7xx_hal_pcd_ex.c ****   *          functionalities of the USB Peripheral Controller:
   8:Drivers/STM32F7xx_HAL_Driver/Src/stm32f7xx_hal_pcd_ex.c ****   *           + Extended features functions
   9:Drivers/STM32F7xx_HAL_Driver/Src/stm32f7xx_hal_pcd_ex.c ****   *
  10:Drivers/STM32F7xx_HAL_Driver/Src/stm32f7xx_hal_pcd_ex.c ****   ******************************************************************************
  11:Drivers/STM32F7xx_HAL_Driver/Src/stm32f7xx_hal_pcd_ex.c ****   * @attention
  12:Drivers/STM32F7xx_HAL_Driver/Src/stm32f7xx_hal_pcd_ex.c ****   *
  13:Drivers/STM32F7xx_HAL_Driver/Src/stm32f7xx_hal_pcd_ex.c ****   * <h2><center>&copy; Copyright (c) 2017 STMicroelectronics.
  14:Drivers/STM32F7xx_HAL_Driver/Src/stm32f7xx_hal_pcd_ex.c ****   * All rights reserved.</center></h2>
  15:Drivers/STM32F7xx_HAL_Driver/Src/stm32f7xx_hal_pcd_ex.c ****   *
  16:Drivers/STM32F7xx_HAL_Driver/Src/stm32f7xx_hal_pcd_ex.c ****   * This software component is licensed by ST under BSD 3-Clause license,
  17:Drivers/STM32F7xx_HAL_Driver/Src/stm32f7xx_hal_pcd_ex.c ****   * the "License"; You may not use this file except in compliance with the
  18:Drivers/STM32F7xx_HAL_Driver/Src/stm32f7xx_hal_pcd_ex.c ****   * License. You may obtain a copy of the License at:
  19:Drivers/STM32F7xx_HAL_Driver/Src/stm32f7xx_hal_pcd_ex.c ****   *                        opensource.org/licenses/BSD-3-Clause
  20:Drivers/STM32F7xx_HAL_Driver/Src/stm32f7xx_hal_pcd_ex.c ****   *
  21:Drivers/STM32F7xx_HAL_Driver/Src/stm32f7xx_hal_pcd_ex.c ****   ******************************************************************************
  22:Drivers/STM32F7xx_HAL_Driver/Src/stm32f7xx_hal_pcd_ex.c ****   */
  23:Drivers/STM32F7xx_HAL_Driver/Src/stm32f7xx_hal_pcd_ex.c **** 
  24:Drivers/STM32F7xx_HAL_Driver/Src/stm32f7xx_hal_pcd_ex.c **** /* Includes ------------------------------------------------------------------*/
  25:Drivers/STM32F7xx_HAL_Driver/Src/stm32f7xx_hal_pcd_ex.c **** #include "stm32f7xx_hal.h"
  26:Drivers/STM32F7xx_HAL_Driver/Src/stm32f7xx_hal_pcd_ex.c **** 
  27:Drivers/STM32F7xx_HAL_Driver/Src/stm32f7xx_hal_pcd_ex.c **** /** @addtogroup STM32F7xx_HAL_Driver
  28:Drivers/STM32F7xx_HAL_Driver/Src/stm32f7xx_hal_pcd_ex.c ****   * @{
  29:Drivers/STM32F7xx_HAL_Driver/Src/stm32f7xx_hal_pcd_ex.c ****   */
  30:Drivers/STM32F7xx_HAL_Driver/Src/stm32f7xx_hal_pcd_ex.c **** 
ARM GAS  /tmp/ccCSlQjz.s 			page 2


  31:Drivers/STM32F7xx_HAL_Driver/Src/stm32f7xx_hal_pcd_ex.c **** /** @defgroup PCDEx PCDEx
  32:Drivers/STM32F7xx_HAL_Driver/Src/stm32f7xx_hal_pcd_ex.c ****   * @brief PCD Extended HAL module driver
  33:Drivers/STM32F7xx_HAL_Driver/Src/stm32f7xx_hal_pcd_ex.c ****   * @{
  34:Drivers/STM32F7xx_HAL_Driver/Src/stm32f7xx_hal_pcd_ex.c ****   */
  35:Drivers/STM32F7xx_HAL_Driver/Src/stm32f7xx_hal_pcd_ex.c **** 
  36:Drivers/STM32F7xx_HAL_Driver/Src/stm32f7xx_hal_pcd_ex.c **** #ifdef HAL_PCD_MODULE_ENABLED
  37:Drivers/STM32F7xx_HAL_Driver/Src/stm32f7xx_hal_pcd_ex.c **** 
  38:Drivers/STM32F7xx_HAL_Driver/Src/stm32f7xx_hal_pcd_ex.c **** #if defined (USB_OTG_FS) || defined (USB_OTG_HS)
  39:Drivers/STM32F7xx_HAL_Driver/Src/stm32f7xx_hal_pcd_ex.c **** /* Private types -------------------------------------------------------------*/
  40:Drivers/STM32F7xx_HAL_Driver/Src/stm32f7xx_hal_pcd_ex.c **** /* Private variables ---------------------------------------------------------*/
  41:Drivers/STM32F7xx_HAL_Driver/Src/stm32f7xx_hal_pcd_ex.c **** /* Private constants ---------------------------------------------------------*/
  42:Drivers/STM32F7xx_HAL_Driver/Src/stm32f7xx_hal_pcd_ex.c **** /* Private macros ------------------------------------------------------------*/
  43:Drivers/STM32F7xx_HAL_Driver/Src/stm32f7xx_hal_pcd_ex.c **** /* Private functions ---------------------------------------------------------*/
  44:Drivers/STM32F7xx_HAL_Driver/Src/stm32f7xx_hal_pcd_ex.c **** /* Exported functions --------------------------------------------------------*/
  45:Drivers/STM32F7xx_HAL_Driver/Src/stm32f7xx_hal_pcd_ex.c **** 
  46:Drivers/STM32F7xx_HAL_Driver/Src/stm32f7xx_hal_pcd_ex.c **** /** @defgroup PCDEx_Exported_Functions PCDEx Exported Functions
  47:Drivers/STM32F7xx_HAL_Driver/Src/stm32f7xx_hal_pcd_ex.c ****   * @{
  48:Drivers/STM32F7xx_HAL_Driver/Src/stm32f7xx_hal_pcd_ex.c ****   */
  49:Drivers/STM32F7xx_HAL_Driver/Src/stm32f7xx_hal_pcd_ex.c **** 
  50:Drivers/STM32F7xx_HAL_Driver/Src/stm32f7xx_hal_pcd_ex.c **** /** @defgroup PCDEx_Exported_Functions_Group1 Peripheral Control functions
  51:Drivers/STM32F7xx_HAL_Driver/Src/stm32f7xx_hal_pcd_ex.c ****   * @brief    PCDEx control functions
  52:Drivers/STM32F7xx_HAL_Driver/Src/stm32f7xx_hal_pcd_ex.c ****  *
  53:Drivers/STM32F7xx_HAL_Driver/Src/stm32f7xx_hal_pcd_ex.c **** @verbatim
  54:Drivers/STM32F7xx_HAL_Driver/Src/stm32f7xx_hal_pcd_ex.c ****  ===============================================================================
  55:Drivers/STM32F7xx_HAL_Driver/Src/stm32f7xx_hal_pcd_ex.c ****                  ##### Extended features functions #####
  56:Drivers/STM32F7xx_HAL_Driver/Src/stm32f7xx_hal_pcd_ex.c ****  ===============================================================================
  57:Drivers/STM32F7xx_HAL_Driver/Src/stm32f7xx_hal_pcd_ex.c ****     [..]  This section provides functions allowing to:
  58:Drivers/STM32F7xx_HAL_Driver/Src/stm32f7xx_hal_pcd_ex.c ****       (+) Update FIFO configuration
  59:Drivers/STM32F7xx_HAL_Driver/Src/stm32f7xx_hal_pcd_ex.c **** 
  60:Drivers/STM32F7xx_HAL_Driver/Src/stm32f7xx_hal_pcd_ex.c **** @endverbatim
  61:Drivers/STM32F7xx_HAL_Driver/Src/stm32f7xx_hal_pcd_ex.c ****   * @{
  62:Drivers/STM32F7xx_HAL_Driver/Src/stm32f7xx_hal_pcd_ex.c ****   */
  63:Drivers/STM32F7xx_HAL_Driver/Src/stm32f7xx_hal_pcd_ex.c **** #if defined (USB_OTG_FS) || defined (USB_OTG_HS)
  64:Drivers/STM32F7xx_HAL_Driver/Src/stm32f7xx_hal_pcd_ex.c **** /**
  65:Drivers/STM32F7xx_HAL_Driver/Src/stm32f7xx_hal_pcd_ex.c ****   * @brief  Set Tx FIFO
  66:Drivers/STM32F7xx_HAL_Driver/Src/stm32f7xx_hal_pcd_ex.c ****   * @param  hpcd PCD handle
  67:Drivers/STM32F7xx_HAL_Driver/Src/stm32f7xx_hal_pcd_ex.c ****   * @param  fifo The number of Tx fifo
  68:Drivers/STM32F7xx_HAL_Driver/Src/stm32f7xx_hal_pcd_ex.c ****   * @param  size Fifo size
  69:Drivers/STM32F7xx_HAL_Driver/Src/stm32f7xx_hal_pcd_ex.c ****   * @retval HAL status
  70:Drivers/STM32F7xx_HAL_Driver/Src/stm32f7xx_hal_pcd_ex.c ****   */
  71:Drivers/STM32F7xx_HAL_Driver/Src/stm32f7xx_hal_pcd_ex.c **** HAL_StatusTypeDef HAL_PCDEx_SetTxFiFo(PCD_HandleTypeDef *hpcd, uint8_t fifo, uint16_t size)
  72:Drivers/STM32F7xx_HAL_Driver/Src/stm32f7xx_hal_pcd_ex.c **** {
  29              		.loc 1 72 1 view -0
  30              		.cfi_startproc
  31              		@ args = 0, pretend = 0, frame = 0
  32              		@ frame_needed = 0, uses_anonymous_args = 0
  33              		@ link register save eliminated.
  34              		.loc 1 72 1 is_stmt 0 view .LVU1
  35 0000 10B4     		push	{r4}
  36              	.LCFI0:
  37              		.cfi_def_cfa_offset 4
  38              		.cfi_offset 4, -4
  73:Drivers/STM32F7xx_HAL_Driver/Src/stm32f7xx_hal_pcd_ex.c ****   uint8_t i;
  39              		.loc 1 73 3 is_stmt 1 view .LVU2
  74:Drivers/STM32F7xx_HAL_Driver/Src/stm32f7xx_hal_pcd_ex.c ****   uint32_t Tx_Offset;
  40              		.loc 1 74 3 view .LVU3
  75:Drivers/STM32F7xx_HAL_Driver/Src/stm32f7xx_hal_pcd_ex.c **** 
ARM GAS  /tmp/ccCSlQjz.s 			page 3


  76:Drivers/STM32F7xx_HAL_Driver/Src/stm32f7xx_hal_pcd_ex.c ****   /*  TXn min size = 16 words. (n  : Transmit FIFO index)
  77:Drivers/STM32F7xx_HAL_Driver/Src/stm32f7xx_hal_pcd_ex.c ****       When a TxFIFO is not used, the Configuration should be as follows:
  78:Drivers/STM32F7xx_HAL_Driver/Src/stm32f7xx_hal_pcd_ex.c ****           case 1 :  n > m    and Txn is not used    (n,m  : Transmit FIFO indexes)
  79:Drivers/STM32F7xx_HAL_Driver/Src/stm32f7xx_hal_pcd_ex.c ****          --> Txm can use the space allocated for Txn.
  80:Drivers/STM32F7xx_HAL_Driver/Src/stm32f7xx_hal_pcd_ex.c ****          case2  :  n < m    and Txn is not used    (n,m  : Transmit FIFO indexes)
  81:Drivers/STM32F7xx_HAL_Driver/Src/stm32f7xx_hal_pcd_ex.c ****          --> Txn should be configured with the minimum space of 16 words
  82:Drivers/STM32F7xx_HAL_Driver/Src/stm32f7xx_hal_pcd_ex.c ****      The FIFO is used optimally when used TxFIFOs are allocated in the top
  83:Drivers/STM32F7xx_HAL_Driver/Src/stm32f7xx_hal_pcd_ex.c ****          of the FIFO.Ex: use EP1 and EP2 as IN instead of EP1 and EP3 as IN ones.
  84:Drivers/STM32F7xx_HAL_Driver/Src/stm32f7xx_hal_pcd_ex.c ****      When DMA is used 3n * FIFO locations should be reserved for internal DMA registers */
  85:Drivers/STM32F7xx_HAL_Driver/Src/stm32f7xx_hal_pcd_ex.c **** 
  86:Drivers/STM32F7xx_HAL_Driver/Src/stm32f7xx_hal_pcd_ex.c ****   Tx_Offset = hpcd->Instance->GRXFSIZ;
  41              		.loc 1 86 3 view .LVU4
  42              		.loc 1 86 19 is_stmt 0 view .LVU5
  43 0002 0468     		ldr	r4, [r0]
  44              		.loc 1 86 13 view .LVU6
  45 0004 606A     		ldr	r0, [r4, #36]
  46              	.LVL1:
  87:Drivers/STM32F7xx_HAL_Driver/Src/stm32f7xx_hal_pcd_ex.c **** 
  88:Drivers/STM32F7xx_HAL_Driver/Src/stm32f7xx_hal_pcd_ex.c ****   if (fifo == 0U)
  47              		.loc 1 88 3 is_stmt 1 view .LVU7
  48              		.loc 1 88 6 is_stmt 0 view .LVU8
  49 0006 31B9     		cbnz	r1, .L2
  89:Drivers/STM32F7xx_HAL_Driver/Src/stm32f7xx_hal_pcd_ex.c ****   {
  90:Drivers/STM32F7xx_HAL_Driver/Src/stm32f7xx_hal_pcd_ex.c ****     hpcd->Instance->DIEPTXF0_HNPTXFSIZ = ((uint32_t)size << 16) | Tx_Offset;
  50              		.loc 1 90 5 is_stmt 1 view .LVU9
  51              		.loc 1 90 65 is_stmt 0 view .LVU10
  52 0008 40EA0240 		orr	r0, r0, r2, lsl #16
  53              	.LVL2:
  54              		.loc 1 90 40 view .LVU11
  55 000c A062     		str	r0, [r4, #40]
  56              	.LVL3:
  57              	.L3:
  91:Drivers/STM32F7xx_HAL_Driver/Src/stm32f7xx_hal_pcd_ex.c ****   }
  92:Drivers/STM32F7xx_HAL_Driver/Src/stm32f7xx_hal_pcd_ex.c ****   else
  93:Drivers/STM32F7xx_HAL_Driver/Src/stm32f7xx_hal_pcd_ex.c ****   {
  94:Drivers/STM32F7xx_HAL_Driver/Src/stm32f7xx_hal_pcd_ex.c ****     Tx_Offset += (hpcd->Instance->DIEPTXF0_HNPTXFSIZ) >> 16;
  95:Drivers/STM32F7xx_HAL_Driver/Src/stm32f7xx_hal_pcd_ex.c ****     for (i = 0U; i < (fifo - 1U); i++)
  96:Drivers/STM32F7xx_HAL_Driver/Src/stm32f7xx_hal_pcd_ex.c ****     {
  97:Drivers/STM32F7xx_HAL_Driver/Src/stm32f7xx_hal_pcd_ex.c ****       Tx_Offset += (hpcd->Instance->DIEPTXF[i] >> 16);
  98:Drivers/STM32F7xx_HAL_Driver/Src/stm32f7xx_hal_pcd_ex.c ****     }
  99:Drivers/STM32F7xx_HAL_Driver/Src/stm32f7xx_hal_pcd_ex.c **** 
 100:Drivers/STM32F7xx_HAL_Driver/Src/stm32f7xx_hal_pcd_ex.c ****     /* Multiply Tx_Size by 2 to get higher performance */
 101:Drivers/STM32F7xx_HAL_Driver/Src/stm32f7xx_hal_pcd_ex.c ****     hpcd->Instance->DIEPTXF[fifo - 1U] = ((uint32_t)size << 16) | Tx_Offset;
 102:Drivers/STM32F7xx_HAL_Driver/Src/stm32f7xx_hal_pcd_ex.c ****   }
 103:Drivers/STM32F7xx_HAL_Driver/Src/stm32f7xx_hal_pcd_ex.c **** 
 104:Drivers/STM32F7xx_HAL_Driver/Src/stm32f7xx_hal_pcd_ex.c ****   return HAL_OK;
  58              		.loc 1 104 3 is_stmt 1 view .LVU12
 105:Drivers/STM32F7xx_HAL_Driver/Src/stm32f7xx_hal_pcd_ex.c **** }
  59              		.loc 1 105 1 is_stmt 0 view .LVU13
  60 000e 0020     		movs	r0, #0
  61 0010 5DF8044B 		ldr	r4, [sp], #4
  62              	.LCFI1:
  63              		.cfi_remember_state
  64              		.cfi_restore 4
  65              		.cfi_def_cfa_offset 0
  66 0014 7047     		bx	lr
  67              	.LVL4:
ARM GAS  /tmp/ccCSlQjz.s 			page 4


  68              	.L2:
  69              	.LCFI2:
  70              		.cfi_restore_state
  71              		.loc 1 105 1 view .LVU14
  72 0016 8C46     		mov	ip, r1
  94:Drivers/STM32F7xx_HAL_Driver/Src/stm32f7xx_hal_pcd_ex.c ****     for (i = 0U; i < (fifo - 1U); i++)
  73              		.loc 1 94 5 is_stmt 1 view .LVU15
  94:Drivers/STM32F7xx_HAL_Driver/Src/stm32f7xx_hal_pcd_ex.c ****     for (i = 0U; i < (fifo - 1U); i++)
  74              		.loc 1 94 33 is_stmt 0 view .LVU16
  75 0018 A36A     		ldr	r3, [r4, #40]
  94:Drivers/STM32F7xx_HAL_Driver/Src/stm32f7xx_hal_pcd_ex.c ****     for (i = 0U; i < (fifo - 1U); i++)
  76              		.loc 1 94 15 view .LVU17
  77 001a 00EB1340 		add	r0, r0, r3, lsr #16
  78              	.LVL5:
  95:Drivers/STM32F7xx_HAL_Driver/Src/stm32f7xx_hal_pcd_ex.c ****     {
  79              		.loc 1 95 5 is_stmt 1 view .LVU18
  95:Drivers/STM32F7xx_HAL_Driver/Src/stm32f7xx_hal_pcd_ex.c ****     {
  80              		.loc 1 95 12 is_stmt 0 view .LVU19
  81 001e 0023     		movs	r3, #0
  95:Drivers/STM32F7xx_HAL_Driver/Src/stm32f7xx_hal_pcd_ex.c ****     {
  82              		.loc 1 95 5 view .LVU20
  83 0020 08E0     		b	.L4
  84              	.LVL6:
  85              	.L5:
  97:Drivers/STM32F7xx_HAL_Driver/Src/stm32f7xx_hal_pcd_ex.c ****     }
  86              		.loc 1 97 7 is_stmt 1 discriminator 3 view .LVU21
  97:Drivers/STM32F7xx_HAL_Driver/Src/stm32f7xx_hal_pcd_ex.c ****     }
  87              		.loc 1 97 44 is_stmt 0 discriminator 3 view .LVU22
  88 0022 03F14001 		add	r1, r3, #64
  89 0026 04EB8101 		add	r1, r4, r1, lsl #2
  90 002a 4968     		ldr	r1, [r1, #4]
  97:Drivers/STM32F7xx_HAL_Driver/Src/stm32f7xx_hal_pcd_ex.c ****     }
  91              		.loc 1 97 17 discriminator 3 view .LVU23
  92 002c 00EB1140 		add	r0, r0, r1, lsr #16
  93              	.LVL7:
  95:Drivers/STM32F7xx_HAL_Driver/Src/stm32f7xx_hal_pcd_ex.c ****     {
  94              		.loc 1 95 35 is_stmt 1 discriminator 3 view .LVU24
  95:Drivers/STM32F7xx_HAL_Driver/Src/stm32f7xx_hal_pcd_ex.c ****     {
  95              		.loc 1 95 36 is_stmt 0 discriminator 3 view .LVU25
  96 0030 0133     		adds	r3, r3, #1
  97              	.LVL8:
  95:Drivers/STM32F7xx_HAL_Driver/Src/stm32f7xx_hal_pcd_ex.c ****     {
  98              		.loc 1 95 36 discriminator 3 view .LVU26
  99 0032 DBB2     		uxtb	r3, r3
 100              	.LVL9:
 101              	.L4:
  95:Drivers/STM32F7xx_HAL_Driver/Src/stm32f7xx_hal_pcd_ex.c ****     {
 102              		.loc 1 95 18 is_stmt 1 discriminator 1 view .LVU27
  95:Drivers/STM32F7xx_HAL_Driver/Src/stm32f7xx_hal_pcd_ex.c ****     {
 103              		.loc 1 95 28 is_stmt 0 discriminator 1 view .LVU28
 104 0034 0CF1FF31 		add	r1, ip, #-1
  95:Drivers/STM32F7xx_HAL_Driver/Src/stm32f7xx_hal_pcd_ex.c ****     {
 105              		.loc 1 95 5 discriminator 1 view .LVU29
 106 0038 8B42     		cmp	r3, r1
 107 003a F2D3     		bcc	.L5
 101:Drivers/STM32F7xx_HAL_Driver/Src/stm32f7xx_hal_pcd_ex.c ****   }
 108              		.loc 1 101 5 is_stmt 1 view .LVU30
ARM GAS  /tmp/ccCSlQjz.s 			page 5


 101:Drivers/STM32F7xx_HAL_Driver/Src/stm32f7xx_hal_pcd_ex.c ****   }
 109              		.loc 1 101 65 is_stmt 0 view .LVU31
 110 003c 40EA0240 		orr	r0, r0, r2, lsl #16
 111              	.LVL10:
 101:Drivers/STM32F7xx_HAL_Driver/Src/stm32f7xx_hal_pcd_ex.c ****   }
 112              		.loc 1 101 40 view .LVU32
 113 0040 0CF13F01 		add	r1, ip, #63
 114 0044 04EB8101 		add	r1, r4, r1, lsl #2
 115 0048 4860     		str	r0, [r1, #4]
 116 004a E0E7     		b	.L3
 117              		.cfi_endproc
 118              	.LFE141:
 120              		.section	.text.HAL_PCDEx_SetRxFiFo,"ax",%progbits
 121              		.align	1
 122              		.global	HAL_PCDEx_SetRxFiFo
 123              		.syntax unified
 124              		.thumb
 125              		.thumb_func
 126              		.fpu fpv5-d16
 128              	HAL_PCDEx_SetRxFiFo:
 129              	.LVL11:
 130              	.LFB142:
 106:Drivers/STM32F7xx_HAL_Driver/Src/stm32f7xx_hal_pcd_ex.c **** 
 107:Drivers/STM32F7xx_HAL_Driver/Src/stm32f7xx_hal_pcd_ex.c **** /**
 108:Drivers/STM32F7xx_HAL_Driver/Src/stm32f7xx_hal_pcd_ex.c ****   * @brief  Set Rx FIFO
 109:Drivers/STM32F7xx_HAL_Driver/Src/stm32f7xx_hal_pcd_ex.c ****   * @param  hpcd PCD handle
 110:Drivers/STM32F7xx_HAL_Driver/Src/stm32f7xx_hal_pcd_ex.c ****   * @param  size Size of Rx fifo
 111:Drivers/STM32F7xx_HAL_Driver/Src/stm32f7xx_hal_pcd_ex.c ****   * @retval HAL status
 112:Drivers/STM32F7xx_HAL_Driver/Src/stm32f7xx_hal_pcd_ex.c ****   */
 113:Drivers/STM32F7xx_HAL_Driver/Src/stm32f7xx_hal_pcd_ex.c **** HAL_StatusTypeDef HAL_PCDEx_SetRxFiFo(PCD_HandleTypeDef *hpcd, uint16_t size)
 114:Drivers/STM32F7xx_HAL_Driver/Src/stm32f7xx_hal_pcd_ex.c **** {
 131              		.loc 1 114 1 is_stmt 1 view -0
 132              		.cfi_startproc
 133              		@ args = 0, pretend = 0, frame = 0
 134              		@ frame_needed = 0, uses_anonymous_args = 0
 135              		@ link register save eliminated.
 115:Drivers/STM32F7xx_HAL_Driver/Src/stm32f7xx_hal_pcd_ex.c ****   hpcd->Instance->GRXFSIZ = size;
 136              		.loc 1 115 3 view .LVU34
 137              		.loc 1 115 7 is_stmt 0 view .LVU35
 138 0000 0368     		ldr	r3, [r0]
 139              		.loc 1 115 27 view .LVU36
 140 0002 5962     		str	r1, [r3, #36]
 116:Drivers/STM32F7xx_HAL_Driver/Src/stm32f7xx_hal_pcd_ex.c **** 
 117:Drivers/STM32F7xx_HAL_Driver/Src/stm32f7xx_hal_pcd_ex.c ****   return HAL_OK;
 141              		.loc 1 117 3 is_stmt 1 view .LVU37
 118:Drivers/STM32F7xx_HAL_Driver/Src/stm32f7xx_hal_pcd_ex.c **** }
 142              		.loc 1 118 1 is_stmt 0 view .LVU38
 143 0004 0020     		movs	r0, #0
 144              	.LVL12:
 145              		.loc 1 118 1 view .LVU39
 146 0006 7047     		bx	lr
 147              		.cfi_endproc
 148              	.LFE142:
 150              		.section	.text.HAL_PCDEx_ActivateLPM,"ax",%progbits
 151              		.align	1
 152              		.global	HAL_PCDEx_ActivateLPM
 153              		.syntax unified
ARM GAS  /tmp/ccCSlQjz.s 			page 6


 154              		.thumb
 155              		.thumb_func
 156              		.fpu fpv5-d16
 158              	HAL_PCDEx_ActivateLPM:
 159              	.LVL13:
 160              	.LFB143:
 119:Drivers/STM32F7xx_HAL_Driver/Src/stm32f7xx_hal_pcd_ex.c **** 
 120:Drivers/STM32F7xx_HAL_Driver/Src/stm32f7xx_hal_pcd_ex.c **** /**
 121:Drivers/STM32F7xx_HAL_Driver/Src/stm32f7xx_hal_pcd_ex.c ****   * @brief  Activate LPM feature.
 122:Drivers/STM32F7xx_HAL_Driver/Src/stm32f7xx_hal_pcd_ex.c ****   * @param  hpcd PCD handle
 123:Drivers/STM32F7xx_HAL_Driver/Src/stm32f7xx_hal_pcd_ex.c ****   * @retval HAL status
 124:Drivers/STM32F7xx_HAL_Driver/Src/stm32f7xx_hal_pcd_ex.c ****   */
 125:Drivers/STM32F7xx_HAL_Driver/Src/stm32f7xx_hal_pcd_ex.c **** HAL_StatusTypeDef HAL_PCDEx_ActivateLPM(PCD_HandleTypeDef *hpcd)
 126:Drivers/STM32F7xx_HAL_Driver/Src/stm32f7xx_hal_pcd_ex.c **** {
 161              		.loc 1 126 1 is_stmt 1 view -0
 162              		.cfi_startproc
 163              		@ args = 0, pretend = 0, frame = 0
 164              		@ frame_needed = 0, uses_anonymous_args = 0
 165              		@ link register save eliminated.
 166              		.loc 1 126 1 is_stmt 0 view .LVU41
 167 0000 0346     		mov	r3, r0
 127:Drivers/STM32F7xx_HAL_Driver/Src/stm32f7xx_hal_pcd_ex.c ****   USB_OTG_GlobalTypeDef *USBx = hpcd->Instance;
 168              		.loc 1 127 3 is_stmt 1 view .LVU42
 169              		.loc 1 127 26 is_stmt 0 view .LVU43
 170 0002 0268     		ldr	r2, [r0]
 171              	.LVL14:
 128:Drivers/STM32F7xx_HAL_Driver/Src/stm32f7xx_hal_pcd_ex.c **** 
 129:Drivers/STM32F7xx_HAL_Driver/Src/stm32f7xx_hal_pcd_ex.c ****   hpcd->lpm_active = 1U;
 172              		.loc 1 129 3 is_stmt 1 view .LVU44
 173              		.loc 1 129 20 is_stmt 0 view .LVU45
 174 0004 0121     		movs	r1, #1
 175 0006 C0F8FC13 		str	r1, [r0, #1020]
 130:Drivers/STM32F7xx_HAL_Driver/Src/stm32f7xx_hal_pcd_ex.c ****   hpcd->LPM_State = LPM_L0;
 176              		.loc 1 130 3 is_stmt 1 view .LVU46
 177              		.loc 1 130 19 is_stmt 0 view .LVU47
 178 000a 0020     		movs	r0, #0
 179              	.LVL15:
 180              		.loc 1 130 19 view .LVU48
 181 000c 83F8F403 		strb	r0, [r3, #1012]
 131:Drivers/STM32F7xx_HAL_Driver/Src/stm32f7xx_hal_pcd_ex.c ****   USBx->GINTMSK |= USB_OTG_GINTMSK_LPMINTM;
 182              		.loc 1 131 3 is_stmt 1 view .LVU49
 183              		.loc 1 131 17 is_stmt 0 view .LVU50
 184 0010 9369     		ldr	r3, [r2, #24]
 185              	.LVL16:
 186              		.loc 1 131 17 view .LVU51
 187 0012 43F00063 		orr	r3, r3, #134217728
 188 0016 9361     		str	r3, [r2, #24]
 132:Drivers/STM32F7xx_HAL_Driver/Src/stm32f7xx_hal_pcd_ex.c ****   USBx->GLPMCFG |= (USB_OTG_GLPMCFG_LPMEN | USB_OTG_GLPMCFG_LPMACK | USB_OTG_GLPMCFG_ENBESL);
 189              		.loc 1 132 3 is_stmt 1 view .LVU52
 190              		.loc 1 132 17 is_stmt 0 view .LVU53
 191 0018 516D     		ldr	r1, [r2, #84]
 192 001a 024B     		ldr	r3, .L9
 193 001c 0B43     		orrs	r3, r3, r1
 194 001e 5365     		str	r3, [r2, #84]
 133:Drivers/STM32F7xx_HAL_Driver/Src/stm32f7xx_hal_pcd_ex.c **** 
 134:Drivers/STM32F7xx_HAL_Driver/Src/stm32f7xx_hal_pcd_ex.c ****   return HAL_OK;
 195              		.loc 1 134 3 is_stmt 1 view .LVU54
ARM GAS  /tmp/ccCSlQjz.s 			page 7


 135:Drivers/STM32F7xx_HAL_Driver/Src/stm32f7xx_hal_pcd_ex.c **** }
 196              		.loc 1 135 1 is_stmt 0 view .LVU55
 197 0020 7047     		bx	lr
 198              	.L10:
 199 0022 00BF     		.align	2
 200              	.L9:
 201 0024 03000010 		.word	268435459
 202              		.cfi_endproc
 203              	.LFE143:
 205              		.section	.text.HAL_PCDEx_DeActivateLPM,"ax",%progbits
 206              		.align	1
 207              		.global	HAL_PCDEx_DeActivateLPM
 208              		.syntax unified
 209              		.thumb
 210              		.thumb_func
 211              		.fpu fpv5-d16
 213              	HAL_PCDEx_DeActivateLPM:
 214              	.LVL17:
 215              	.LFB144:
 136:Drivers/STM32F7xx_HAL_Driver/Src/stm32f7xx_hal_pcd_ex.c **** 
 137:Drivers/STM32F7xx_HAL_Driver/Src/stm32f7xx_hal_pcd_ex.c **** /**
 138:Drivers/STM32F7xx_HAL_Driver/Src/stm32f7xx_hal_pcd_ex.c ****   * @brief  Deactivate LPM feature.
 139:Drivers/STM32F7xx_HAL_Driver/Src/stm32f7xx_hal_pcd_ex.c ****   * @param  hpcd PCD handle
 140:Drivers/STM32F7xx_HAL_Driver/Src/stm32f7xx_hal_pcd_ex.c ****   * @retval HAL status
 141:Drivers/STM32F7xx_HAL_Driver/Src/stm32f7xx_hal_pcd_ex.c ****   */
 142:Drivers/STM32F7xx_HAL_Driver/Src/stm32f7xx_hal_pcd_ex.c **** HAL_StatusTypeDef HAL_PCDEx_DeActivateLPM(PCD_HandleTypeDef *hpcd)
 143:Drivers/STM32F7xx_HAL_Driver/Src/stm32f7xx_hal_pcd_ex.c **** {
 216              		.loc 1 143 1 is_stmt 1 view -0
 217              		.cfi_startproc
 218              		@ args = 0, pretend = 0, frame = 0
 219              		@ frame_needed = 0, uses_anonymous_args = 0
 220              		@ link register save eliminated.
 221              		.loc 1 143 1 is_stmt 0 view .LVU57
 222 0000 0246     		mov	r2, r0
 144:Drivers/STM32F7xx_HAL_Driver/Src/stm32f7xx_hal_pcd_ex.c ****   USB_OTG_GlobalTypeDef *USBx = hpcd->Instance;
 223              		.loc 1 144 3 is_stmt 1 view .LVU58
 224              		.loc 1 144 26 is_stmt 0 view .LVU59
 225 0002 0368     		ldr	r3, [r0]
 226              	.LVL18:
 145:Drivers/STM32F7xx_HAL_Driver/Src/stm32f7xx_hal_pcd_ex.c **** 
 146:Drivers/STM32F7xx_HAL_Driver/Src/stm32f7xx_hal_pcd_ex.c ****   hpcd->lpm_active = 0U;
 227              		.loc 1 146 3 is_stmt 1 view .LVU60
 228              		.loc 1 146 20 is_stmt 0 view .LVU61
 229 0004 0020     		movs	r0, #0
 230              	.LVL19:
 231              		.loc 1 146 20 view .LVU62
 232 0006 C2F8FC03 		str	r0, [r2, #1020]
 147:Drivers/STM32F7xx_HAL_Driver/Src/stm32f7xx_hal_pcd_ex.c ****   USBx->GINTMSK &= ~USB_OTG_GINTMSK_LPMINTM;
 233              		.loc 1 147 3 is_stmt 1 view .LVU63
 234              		.loc 1 147 17 is_stmt 0 view .LVU64
 235 000a 9A69     		ldr	r2, [r3, #24]
 236              	.LVL20:
 237              		.loc 1 147 17 view .LVU65
 238 000c 22F00062 		bic	r2, r2, #134217728
 239 0010 9A61     		str	r2, [r3, #24]
 148:Drivers/STM32F7xx_HAL_Driver/Src/stm32f7xx_hal_pcd_ex.c ****   USBx->GLPMCFG &= ~(USB_OTG_GLPMCFG_LPMEN | USB_OTG_GLPMCFG_LPMACK | USB_OTG_GLPMCFG_ENBESL);
 240              		.loc 1 148 3 is_stmt 1 view .LVU66
ARM GAS  /tmp/ccCSlQjz.s 			page 8


 241              		.loc 1 148 17 is_stmt 0 view .LVU67
 242 0012 596D     		ldr	r1, [r3, #84]
 243 0014 014A     		ldr	r2, .L12
 244 0016 0A40     		ands	r2, r2, r1
 245 0018 5A65     		str	r2, [r3, #84]
 149:Drivers/STM32F7xx_HAL_Driver/Src/stm32f7xx_hal_pcd_ex.c **** 
 150:Drivers/STM32F7xx_HAL_Driver/Src/stm32f7xx_hal_pcd_ex.c ****   return HAL_OK;
 246              		.loc 1 150 3 is_stmt 1 view .LVU68
 151:Drivers/STM32F7xx_HAL_Driver/Src/stm32f7xx_hal_pcd_ex.c **** }
 247              		.loc 1 151 1 is_stmt 0 view .LVU69
 248 001a 7047     		bx	lr
 249              	.L13:
 250              		.align	2
 251              	.L12:
 252 001c FCFFFFEF 		.word	-268435460
 253              		.cfi_endproc
 254              	.LFE144:
 256              		.section	.text.HAL_PCDEx_LPM_Callback,"ax",%progbits
 257              		.align	1
 258              		.weak	HAL_PCDEx_LPM_Callback
 259              		.syntax unified
 260              		.thumb
 261              		.thumb_func
 262              		.fpu fpv5-d16
 264              	HAL_PCDEx_LPM_Callback:
 265              	.LVL21:
 266              	.LFB145:
 152:Drivers/STM32F7xx_HAL_Driver/Src/stm32f7xx_hal_pcd_ex.c **** 
 153:Drivers/STM32F7xx_HAL_Driver/Src/stm32f7xx_hal_pcd_ex.c **** #endif /* defined (USB_OTG_FS) || defined (USB_OTG_HS) */
 154:Drivers/STM32F7xx_HAL_Driver/Src/stm32f7xx_hal_pcd_ex.c **** 
 155:Drivers/STM32F7xx_HAL_Driver/Src/stm32f7xx_hal_pcd_ex.c **** /**
 156:Drivers/STM32F7xx_HAL_Driver/Src/stm32f7xx_hal_pcd_ex.c ****   * @brief  Send LPM message to user layer callback.
 157:Drivers/STM32F7xx_HAL_Driver/Src/stm32f7xx_hal_pcd_ex.c ****   * @param  hpcd PCD handle
 158:Drivers/STM32F7xx_HAL_Driver/Src/stm32f7xx_hal_pcd_ex.c ****   * @param  msg LPM message
 159:Drivers/STM32F7xx_HAL_Driver/Src/stm32f7xx_hal_pcd_ex.c ****   * @retval HAL status
 160:Drivers/STM32F7xx_HAL_Driver/Src/stm32f7xx_hal_pcd_ex.c ****   */
 161:Drivers/STM32F7xx_HAL_Driver/Src/stm32f7xx_hal_pcd_ex.c **** __weak void HAL_PCDEx_LPM_Callback(PCD_HandleTypeDef *hpcd, PCD_LPM_MsgTypeDef msg)
 162:Drivers/STM32F7xx_HAL_Driver/Src/stm32f7xx_hal_pcd_ex.c **** {
 267              		.loc 1 162 1 is_stmt 1 view -0
 268              		.cfi_startproc
 269              		@ args = 0, pretend = 0, frame = 0
 270              		@ frame_needed = 0, uses_anonymous_args = 0
 271              		@ link register save eliminated.
 163:Drivers/STM32F7xx_HAL_Driver/Src/stm32f7xx_hal_pcd_ex.c ****   /* Prevent unused argument(s) compilation warning */
 164:Drivers/STM32F7xx_HAL_Driver/Src/stm32f7xx_hal_pcd_ex.c ****   UNUSED(hpcd);
 272              		.loc 1 164 3 view .LVU71
 165:Drivers/STM32F7xx_HAL_Driver/Src/stm32f7xx_hal_pcd_ex.c ****   UNUSED(msg);
 273              		.loc 1 165 3 view .LVU72
 166:Drivers/STM32F7xx_HAL_Driver/Src/stm32f7xx_hal_pcd_ex.c **** 
 167:Drivers/STM32F7xx_HAL_Driver/Src/stm32f7xx_hal_pcd_ex.c ****   /* NOTE : This function should not be modified, when the callback is needed,
 168:Drivers/STM32F7xx_HAL_Driver/Src/stm32f7xx_hal_pcd_ex.c ****             the HAL_PCDEx_LPM_Callback could be implemented in the user file
 169:Drivers/STM32F7xx_HAL_Driver/Src/stm32f7xx_hal_pcd_ex.c ****    */
 170:Drivers/STM32F7xx_HAL_Driver/Src/stm32f7xx_hal_pcd_ex.c **** }
 274              		.loc 1 170 1 is_stmt 0 view .LVU73
 275 0000 7047     		bx	lr
 276              		.cfi_endproc
 277              	.LFE145:
ARM GAS  /tmp/ccCSlQjz.s 			page 9


 279              		.section	.text.HAL_PCDEx_BCD_Callback,"ax",%progbits
 280              		.align	1
 281              		.weak	HAL_PCDEx_BCD_Callback
 282              		.syntax unified
 283              		.thumb
 284              		.thumb_func
 285              		.fpu fpv5-d16
 287              	HAL_PCDEx_BCD_Callback:
 288              	.LVL22:
 289              	.LFB146:
 171:Drivers/STM32F7xx_HAL_Driver/Src/stm32f7xx_hal_pcd_ex.c **** 
 172:Drivers/STM32F7xx_HAL_Driver/Src/stm32f7xx_hal_pcd_ex.c **** /**
 173:Drivers/STM32F7xx_HAL_Driver/Src/stm32f7xx_hal_pcd_ex.c ****   * @brief  Send BatteryCharging message to user layer callback.
 174:Drivers/STM32F7xx_HAL_Driver/Src/stm32f7xx_hal_pcd_ex.c ****   * @param  hpcd PCD handle
 175:Drivers/STM32F7xx_HAL_Driver/Src/stm32f7xx_hal_pcd_ex.c ****   * @param  msg LPM message
 176:Drivers/STM32F7xx_HAL_Driver/Src/stm32f7xx_hal_pcd_ex.c ****   * @retval HAL status
 177:Drivers/STM32F7xx_HAL_Driver/Src/stm32f7xx_hal_pcd_ex.c ****   */
 178:Drivers/STM32F7xx_HAL_Driver/Src/stm32f7xx_hal_pcd_ex.c **** __weak void HAL_PCDEx_BCD_Callback(PCD_HandleTypeDef *hpcd, PCD_BCD_MsgTypeDef msg)
 179:Drivers/STM32F7xx_HAL_Driver/Src/stm32f7xx_hal_pcd_ex.c **** {
 290              		.loc 1 179 1 is_stmt 1 view -0
 291              		.cfi_startproc
 292              		@ args = 0, pretend = 0, frame = 0
 293              		@ frame_needed = 0, uses_anonymous_args = 0
 294              		@ link register save eliminated.
 180:Drivers/STM32F7xx_HAL_Driver/Src/stm32f7xx_hal_pcd_ex.c ****   /* Prevent unused argument(s) compilation warning */
 181:Drivers/STM32F7xx_HAL_Driver/Src/stm32f7xx_hal_pcd_ex.c ****   UNUSED(hpcd);
 295              		.loc 1 181 3 view .LVU75
 182:Drivers/STM32F7xx_HAL_Driver/Src/stm32f7xx_hal_pcd_ex.c ****   UNUSED(msg);
 296              		.loc 1 182 3 view .LVU76
 183:Drivers/STM32F7xx_HAL_Driver/Src/stm32f7xx_hal_pcd_ex.c **** 
 184:Drivers/STM32F7xx_HAL_Driver/Src/stm32f7xx_hal_pcd_ex.c ****   /* NOTE : This function should not be modified, when the callback is needed,
 185:Drivers/STM32F7xx_HAL_Driver/Src/stm32f7xx_hal_pcd_ex.c ****             the HAL_PCDEx_BCD_Callback could be implemented in the user file
 186:Drivers/STM32F7xx_HAL_Driver/Src/stm32f7xx_hal_pcd_ex.c ****    */
 187:Drivers/STM32F7xx_HAL_Driver/Src/stm32f7xx_hal_pcd_ex.c **** }
 297              		.loc 1 187 1 is_stmt 0 view .LVU77
 298 0000 7047     		bx	lr
 299              		.cfi_endproc
 300              	.LFE146:
 302              		.text
 303              	.Letext0:
 304              		.file 2 "/home/wayne/download/gcc-arm-none-eabi/gcc-arm-none-eabi-10-2020-q4-major/arm-none-eabi/i
 305              		.file 3 "/home/wayne/download/gcc-arm-none-eabi/gcc-arm-none-eabi-10-2020-q4-major/arm-none-eabi/i
 306              		.file 4 "Drivers/CMSIS/Device/ST/STM32F7xx/Include/stm32f767xx.h"
 307              		.file 5 "Drivers/STM32F7xx_HAL_Driver/Inc/stm32f7xx_hal_def.h"
 308              		.file 6 "Drivers/STM32F7xx_HAL_Driver/Inc/stm32f7xx_ll_usb.h"
 309              		.file 7 "Drivers/STM32F7xx_HAL_Driver/Inc/stm32f7xx_hal_pcd.h"
ARM GAS  /tmp/ccCSlQjz.s 			page 10


DEFINED SYMBOLS
                            *ABS*:0000000000000000 stm32f7xx_hal_pcd_ex.c
     /tmp/ccCSlQjz.s:17     .text.HAL_PCDEx_SetTxFiFo:0000000000000000 $t
     /tmp/ccCSlQjz.s:25     .text.HAL_PCDEx_SetTxFiFo:0000000000000000 HAL_PCDEx_SetTxFiFo
     /tmp/ccCSlQjz.s:121    .text.HAL_PCDEx_SetRxFiFo:0000000000000000 $t
     /tmp/ccCSlQjz.s:128    .text.HAL_PCDEx_SetRxFiFo:0000000000000000 HAL_PCDEx_SetRxFiFo
     /tmp/ccCSlQjz.s:151    .text.HAL_PCDEx_ActivateLPM:0000000000000000 $t
     /tmp/ccCSlQjz.s:158    .text.HAL_PCDEx_ActivateLPM:0000000000000000 HAL_PCDEx_ActivateLPM
     /tmp/ccCSlQjz.s:201    .text.HAL_PCDEx_ActivateLPM:0000000000000024 $d
     /tmp/ccCSlQjz.s:206    .text.HAL_PCDEx_DeActivateLPM:0000000000000000 $t
     /tmp/ccCSlQjz.s:213    .text.HAL_PCDEx_DeActivateLPM:0000000000000000 HAL_PCDEx_DeActivateLPM
     /tmp/ccCSlQjz.s:252    .text.HAL_PCDEx_DeActivateLPM:000000000000001c $d
     /tmp/ccCSlQjz.s:257    .text.HAL_PCDEx_LPM_Callback:0000000000000000 $t
     /tmp/ccCSlQjz.s:264    .text.HAL_PCDEx_LPM_Callback:0000000000000000 HAL_PCDEx_LPM_Callback
     /tmp/ccCSlQjz.s:280    .text.HAL_PCDEx_BCD_Callback:0000000000000000 $t
     /tmp/ccCSlQjz.s:287    .text.HAL_PCDEx_BCD_Callback:0000000000000000 HAL_PCDEx_BCD_Callback

NO UNDEFINED SYMBOLS
