Washers: 14 culled down to 6
Spacers: 141 culled down to 115
Standoffs: 51 culled down to 44

base_to_pi: 15.80mm
* base_to_pi[0]: (0.08, 0.72, -0.08):
    base_to_pi[0:0]: (5/8) (15.88, 'Hex Standoff', 'Threaded',
    'Female, Female', 'Aluminum', '1772-1184-ND', 0.72)


base_to_master: 28.40mm
* base_to_master[0]: (0.18, 1.35, -0.18):
    base_to_master[0:0]: (3/8) (9.53, 'Hex Standoff', 'Threaded',
    'Female, Female', 'Aluminum', '1772-1301-ND', 0.49)
    base_to_master[0:1]: (3/4) (19.05, 'Hex Standoff', 'Threaded',
    'Male, Female', 'Aluminum', '1772-3548-ND', 0.86)


battery_to_pi: 6.35mm
* battery_to_pi[0]: (0.00, 0.42, 0.00):
    battery_to_pi[0:0]: (1/4) (6.35, 'Hex Standoff', 'Threaded',
    'Female, Female', 'Aluminum', '1772-1807-ND', 0.42)


master_to_nucleo_spacer: 12.70mm
* master_to_nucleo_spacer[0]: (0.00, 0.53, 0.00):
    master_to_nucleo_spacer[0:0]: (1/2) (12.7, 'Hex Standoff', 'Threaded',
    'Female, Female', 'Aluminum', '1772-1167-ND', 0.53)


master_to_nucleo_standoff: 12.70mm
* master_to_nucleo_standoff[0]: (0.00, 1.05, 0.00):
    master_to_nucleo_standoff[0:0]: (1/2) (12.7, 'Hex Standoff', 'Threaded',
    'Male, Female', 'Aluminum', '1772-1973-ND', 1.05)


master_to_bottom_arm_spacer: 38.10mm
* master_to_bottom_arm_spacer[0]: (0.00, 1.44, 0.00):
    master_to_bottom_arm_spacer[0:0]: (1/2) (12.7, 'Hex Standoff', 'Threaded',
    'Female, Female', 'Aluminum', '1772-1167-ND', 0.53)


master_to_bottom_arm_standoff: 38.10mm
* master_to_bottom_arm_standoff[0]: (0.00, 1.72, 0.00):
    master_to_bottom_arm_standoff[0:0]: (3/4) (19.05, 'Hex Standoff', 'Threaded',
    'Male, Female', 'Aluminum', '1772-3548-ND', 0.86)
    master_to_bottom_arm_standoff[0:1]: (3/4) (19.05, 'Hex Standoff', 'Threaded',
    'Male, Female', 'Aluminum', '1772-3548-ND', 0.86)


master_to_top_arm_standoff: 40.64mm
* master_to_top_arm_standoff[0]: (0.18, 1.86, 0.18):
    master_to_top_arm_standoff[0:0]: (3/4) (19.05, 'Hex Standoff', 'Threaded',
    'Male, Female', 'Aluminum', '1772-3548-ND', 0.86)
    master_to_top_arm_standoff[0:1]: (3/4) (19.05, 'Hex Standoff', 'Threaded',
    'Male, Female', 'Aluminum', '1772-3548-ND', 0.86)
    master_to_top_arm_standoff[0:2]: (3/32) (2.36, 'Flat',
    'FLAT WASHER, NYLON, NATURAL, .09', 'Nylon', 'RPC6753-ND', 0.14)


top_arm_to_lidar: 76.20mm
* top_arm_to_lidar[0]: (0.00, 2.73, 0.00):
    top_arm_to_lidar[0:0]: (1) (25.4, 'Hex Standoff', 'Threaded', 'Male, Female',
    'Aluminum', '1772-3464-ND', 0.91)
    top_arm_to_lidar[0:1]: (1) (25.4, 'Hex Standoff', 'Threaded', 'Male, Female',
    'Aluminum', '1772-3464-ND', 0.91)
    top_arm_to_lidar[0:2]: (1) (25.4, 'Hex Standoff', 'Threaded', 'Male, Female',
    'Aluminum', '1772-3464-ND', 0.91)

References Count:16
3/32: RPC6753-ND: 10
  [('master_to_top_arm_standoff', 2)]
  (2.36, 'Flat', 'FLAT WASHER, NYLON, NATURAL, .09', 'Nylon', 'RPC6753-ND', 0.14)
1/4: 1772-1807-ND: 10
  [('battery_to_pi', 2)]
  (6.35, 'Hex Standoff', 'Threaded', 'Female, Female', 'Aluminum', '1772-1807-ND', 0.42)
3/8: 1772-1301-ND: 20
  [('base_to_master', 4)]
  (9.53, 'Hex Standoff', 'Threaded', 'Female, Female', 'Aluminum', '1772-1301-ND', 0.49)
1/2: 1772-1167-ND: 30
  [('master_to_nucleo_spacer', 4), ('master_to_bottom_arm_spacer', 2)]
  (12.7, 'Hex Standoff', 'Threaded', 'Female, Female', 'Aluminum', '1772-1167-ND', 0.53)
1/2: 1772-1973-ND: 5
  [('master_to_nucleo_standoff', 1)]
  (12.7, 'Hex Standoff', 'Threaded', 'Male, Female', 'Aluminum', '1772-1973-ND', 1.05)
5/8: 1772-1184-ND: 10
  [('base_to_pi', 2)]
  (15.88, 'Hex Standoff', 'Threaded', 'Female, Female', 'Aluminum', '1772-1184-ND', 0.72)
3/4: 1772-3548-ND: 60
  [('base_to_master', 4), ('master_to_bottom_arm_standoff', 2),
  ('master_to_bottom_arm_standoff', 2), ('master_to_top_arm_standoff', 2),
  ('master_to_top_arm_standoff', 2)]
  (19.05, 'Hex Standoff', 'Threaded', 'Male, Female', 'Aluminum', '1772-3548-ND', 0.86)
1: 1772-3464-ND: 40
  [('master_to_bottom_arm_spacer', 2), ('top_arm_to_lidar', 2),
  ('top_arm_to_lidar', 2), ('top_arm_to_lidar', 2)]
  (25.4, 'Hex Standoff', 'Threaded', 'Male, Female', 'Aluminum', '1772-3464-ND', 0.91)
Total_unit_cost: 1 Robot: $26.35
Total_unit_cost: 5 Robots: $131.75
